This file contains any messages produced by compilers while
running configure, to aid debugging if configure makes a mistake.

It was created by goptical configure 1.0, which was
generated by GNU Autoconf 2.69.  Invocation command line was

  $ ./configure 

## --------- ##
## Platform. ##
## --------- ##

hostname = kevin-desktop
uname -m = x86_64
uname -r = 4.10.0-19-generic
uname -s = Linux
uname -v = #21-Ubuntu SMP Thu Apr 6 17:04:57 UTC 2017

/usr/bin/uname -p = unknown
/bin/uname -X     = unknown

/bin/arch              = unknown
/usr/bin/arch -k       = unknown
/usr/convex/getsysinfo = unknown
/usr/bin/hostinfo      = unknown
/bin/machine           = unknown
/usr/bin/oslevel       = unknown
/bin/universe          = unknown

PATH: /home/fortierk/bin
PATH: /usr/local/sbin
PATH: /usr/local/bin
PATH: /usr/sbin
PATH: /usr/bin
PATH: /sbin
PATH: /bin
PATH: /usr/games
PATH: /usr/local/games
PATH: /snap/bin


## ----------- ##
## Core tests. ##
## ----------- ##

configure:2427: checking for a BSD-compatible install
configure:2495: result: /usr/bin/install -c
configure:2506: checking whether build environment is sane
configure:2561: result: yes
configure:2599: WARNING: 'missing' script is too old or missing
configure:2712: checking for a thread-safe mkdir -p
configure:2751: result: /bin/mkdir -p
configure:2758: checking for gawk
configure:2774: found /usr/bin/gawk
configure:2785: result: gawk
configure:2796: checking whether make sets $(MAKE)
configure:2818: result: yes
configure:2847: checking whether make supports nested variables
configure:2864: result: yes
configure:3050: checking for g++
configure:3066: found /usr/bin/g++
configure:3077: result: g++
configure:3104: checking for C++ compiler version
configure:3113: g++ --version >&5
g++ (Ubuntu 6.3.0-12ubuntu2) 6.3.0 20170406
Copyright (C) 2016 Free Software Foundation, Inc.
This is free software; see the source for copying conditions.  There is NO
warranty; not even for MERCHANTABILITY or FITNESS FOR A PARTICULAR PURPOSE.

configure:3124: $? = 0
configure:3113: g++ -v >&5
Using built-in specs.
COLLECT_GCC=g++
COLLECT_LTO_WRAPPER=/usr/lib/gcc/x86_64-linux-gnu/6/lto-wrapper
Target: x86_64-linux-gnu
Configured with: ../src/configure -v --with-pkgversion='Ubuntu 6.3.0-12ubuntu2' --with-bugurl=file:///usr/share/doc/gcc-6/README.Bugs --enable-languages=c,ada,c++,java,go,d,fortran,objc,obj-c++ --prefix=/usr --program-suffix=-6 --program-prefix=x86_64-linux-gnu- --enable-shared --enable-linker-build-id --libexecdir=/usr/lib --without-included-gettext --enable-threads=posix --libdir=/usr/lib --enable-nls --with-sysroot=/ --enable-clocale=gnu --enable-libstdcxx-debug --enable-libstdcxx-time=yes --with-default-libstdcxx-abi=new --enable-gnu-unique-object --disable-vtable-verify --enable-libmpx --enable-plugin --enable-default-pie --with-system-zlib --disable-browser-plugin --enable-java-awt=gtk --enable-gtk-cairo --with-java-home=/usr/lib/jvm/java-1.5.0-gcj-6-amd64/jre --enable-java-home --with-jvm-root-dir=/usr/lib/jvm/java-1.5.0-gcj-6-amd64 --with-jvm-jar-dir=/usr/lib/jvm-exports/java-1.5.0-gcj-6-amd64 --with-arch-directory=amd64 --with-ecj-jar=/usr/share/java/eclipse-ecj.jar --with-target-system-zlib --enable-objc-gc=auto --enable-multiarch --disable-werror --with-arch-32=i686 --with-abi=m64 --with-multilib-list=m32,m64,mx32 --enable-multilib --with-tune=generic --enable-checking=release --build=x86_64-linux-gnu --host=x86_64-linux-gnu --target=x86_64-linux-gnu
Thread model: posix
gcc version 6.3.0 20170406 (Ubuntu 6.3.0-12ubuntu2) 
configure:3124: $? = 0
configure:3113: g++ -V >&5
g++: error: unrecognized command line option '-V'
g++: fatal error: no input files
compilation terminated.
configure:3124: $? = 1
configure:3113: g++ -qversion >&5
g++: error: unrecognized command line option '-qversion'; did you mean '--version'?
g++: fatal error: no input files
compilation terminated.
configure:3124: $? = 1
configure:3144: checking whether the C++ compiler works
configure:3166: g++    conftest.cpp  >&5
configure:3170: $? = 0
configure:3218: result: yes
configure:3221: checking for C++ compiler default output file name
configure:3223: result: a.out
configure:3229: checking for suffix of executables
configure:3236: g++ -o conftest    conftest.cpp  >&5
configure:3240: $? = 0
configure:3262: result: 
configure:3284: checking whether we are cross compiling
configure:3292: g++ -o conftest    conftest.cpp  >&5
configure:3296: $? = 0
configure:3303: ./conftest
configure:3307: $? = 0
configure:3322: result: no
configure:3327: checking for suffix of object files
configure:3349: g++ -c   conftest.cpp >&5
configure:3353: $? = 0
configure:3374: result: o
configure:3378: checking whether we are using the GNU C++ compiler
configure:3397: g++ -c   conftest.cpp >&5
configure:3397: $? = 0
configure:3406: result: yes
configure:3415: checking whether g++ accepts -g
configure:3435: g++ -c -g  conftest.cpp >&5
configure:3435: $? = 0
configure:3476: result: yes
configure:3510: checking for style of include used by make
configure:3538: result: GNU
configure:3564: checking dependency style of g++
configure:3675: result: gcc3
configure:3750: checking build system type
configure:3764: result: x86_64-unknown-linux-gnu
configure:3784: checking host system type
configure:3797: result: x86_64-unknown-linux-gnu
configure:3838: checking how to print strings
configure:3865: result: printf
configure:3934: checking for gcc
configure:3950: found /usr/bin/gcc
configure:3961: result: gcc
configure:4190: checking for C compiler version
configure:4199: gcc --version >&5
gcc (Ubuntu 6.3.0-12ubuntu2) 6.3.0 20170406
Copyright (C) 2016 Free Software Foundation, Inc.
This is free software; see the source for copying conditions.  There is NO
warranty; not even for MERCHANTABILITY or FITNESS FOR A PARTICULAR PURPOSE.

configure:4210: $? = 0
configure:4199: gcc -v >&5
Using built-in specs.
COLLECT_GCC=gcc
COLLECT_LTO_WRAPPER=/usr/lib/gcc/x86_64-linux-gnu/6/lto-wrapper
Target: x86_64-linux-gnu
Configured with: ../src/configure -v --with-pkgversion='Ubuntu 6.3.0-12ubuntu2' --with-bugurl=file:///usr/share/doc/gcc-6/README.Bugs --enable-languages=c,ada,c++,java,go,d,fortran,objc,obj-c++ --prefix=/usr --program-suffix=-6 --program-prefix=x86_64-linux-gnu- --enable-shared --enable-linker-build-id --libexecdir=/usr/lib --without-included-gettext --enable-threads=posix --libdir=/usr/lib --enable-nls --with-sysroot=/ --enable-clocale=gnu --enable-libstdcxx-debug --enable-libstdcxx-time=yes --with-default-libstdcxx-abi=new --enable-gnu-unique-object --disable-vtable-verify --enable-libmpx --enable-plugin --enable-default-pie --with-system-zlib --disable-browser-plugin --enable-java-awt=gtk --enable-gtk-cairo --with-java-home=/usr/lib/jvm/java-1.5.0-gcj-6-amd64/jre --enable-java-home --with-jvm-root-dir=/usr/lib/jvm/java-1.5.0-gcj-6-amd64 --with-jvm-jar-dir=/usr/lib/jvm-exports/java-1.5.0-gcj-6-amd64 --with-arch-directory=amd64 --with-ecj-jar=/usr/share/java/eclipse-ecj.jar --with-target-system-zlib --enable-objc-gc=auto --enable-multiarch --disable-werror --with-arch-32=i686 --with-abi=m64 --with-multilib-list=m32,m64,mx32 --enable-multilib --with-tune=generic --enable-checking=release --build=x86_64-linux-gnu --host=x86_64-linux-gnu --target=x86_64-linux-gnu
Thread model: posix
gcc version 6.3.0 20170406 (Ubuntu 6.3.0-12ubuntu2) 
configure:4210: $? = 0
configure:4199: gcc -V >&5
gcc: error: unrecognized command line option '-V'
gcc: fatal error: no input files
compilation terminated.
configure:4210: $? = 1
configure:4199: gcc -qversion >&5
gcc: error: unrecognized command line option '-qversion'; did you mean '--version'?
gcc: fatal error: no input files
compilation terminated.
configure:4210: $? = 1
configure:4214: checking whether we are using the GNU C compiler
configure:4233: gcc -c   conftest.c >&5
configure:4233: $? = 0
configure:4242: result: yes
configure:4251: checking whether gcc accepts -g
configure:4271: gcc -c -g  conftest.c >&5
configure:4271: $? = 0
configure:4312: result: yes
configure:4329: checking for gcc option to accept ISO C89
configure:4392: gcc  -c -g -O2  conftest.c >&5
configure:4392: $? = 0
configure:4405: result: none needed
configure:4430: checking whether gcc understands -c and -o together
configure:4452: gcc -c conftest.c -o conftest2.o
configure:4455: $? = 0
configure:4452: gcc -c conftest.c -o conftest2.o
configure:4455: $? = 0
configure:4467: result: yes
configure:4486: checking dependency style of gcc
configure:4597: result: gcc3
configure:4612: checking for a sed that does not truncate output
configure:4676: result: /bin/sed
configure:4694: checking for grep that handles long lines and -e
configure:4752: result: /bin/grep
configure:4757: checking for egrep
configure:4819: result: /bin/grep -E
configure:4824: checking for fgrep
configure:4886: result: /bin/grep -F
configure:4921: checking for ld used by gcc
configure:4988: result: /usr/bin/ld
configure:4995: checking if the linker (/usr/bin/ld) is GNU ld
configure:5010: result: yes
configure:5022: checking for BSD- or MS-compatible name lister (nm)
configure:5076: result: /usr/bin/nm -B
configure:5206: checking the name lister (/usr/bin/nm -B) interface
configure:5213: gcc -c -g -O2  conftest.c >&5
configure:5216: /usr/bin/nm -B "conftest.o"
configure:5219: output
0000000000000000 B some_variable
configure:5226: result: BSD nm
configure:5229: checking whether ln -s works
configure:5233: result: yes
configure:5241: checking the maximum length of command line arguments
configure:5372: result: 1572864
configure:5420: checking how to convert x86_64-unknown-linux-gnu file names to x86_64-unknown-linux-gnu format
configure:5460: result: func_convert_file_noop
configure:5467: checking how to convert x86_64-unknown-linux-gnu file names to toolchain format
configure:5487: result: func_convert_file_noop
configure:5494: checking for /usr/bin/ld option to reload object files
configure:5501: result: -r
configure:5575: checking for objdump
configure:5591: found /usr/bin/objdump
configure:5602: result: objdump
configure:5634: checking how to recognize dependent libraries
configure:5834: result: pass_all
configure:5919: checking for dlltool
configure:5949: result: no
configure:5979: checking how to associate runtime and link libraries
configure:6006: result: printf %s\n
configure:6067: checking for ar
configure:6083: found /usr/bin/ar
configure:6094: result: ar
configure:6131: checking for archiver @FILE support
configure:6148: gcc -c -g -O2  conftest.c >&5
configure:6148: $? = 0
configure:6151: ar cru libconftest.a @conftest.lst >&5
ar: `u' modifier ignored since `D' is the default (see `U')
configure:6154: $? = 0
configure:6159: ar cru libconftest.a @conftest.lst >&5
ar: `u' modifier ignored since `D' is the default (see `U')
ar: conftest.o: No such file or directory
configure:6162: $? = 1
configure:6174: result: @
configure:6232: checking for strip
configure:6248: found /usr/bin/strip
configure:6259: result: strip
configure:6331: checking for ranlib
configure:6347: found /usr/bin/ranlib
configure:6358: result: ranlib
configure:6460: checking command to parse /usr/bin/nm -B output from gcc object
configure:6613: gcc -c -g -O2  conftest.c >&5
configure:6616: $? = 0
configure:6620: /usr/bin/nm -B conftest.o \| sed -n -e 's/^.*[ ]\([ABCDGIRSTW][ABCDGIRSTW]*\)[ ][ ]*\([_A-Za-z][_A-Za-z0-9]*\)$/\1 \2 \2/p' | sed '/ __gnu_lto/d' \> conftest.nm
configure:6623: $? = 0
configure:6689: gcc -o conftest -g -O2   conftest.c conftstm.o >&5
configure:6692: $? = 0
configure:6730: result: ok
configure:6777: checking for sysroot
configure:6807: result: no
configure:6814: checking for a working dd
configure:6852: result: /bin/dd
configure:6856: checking how to truncate binary pipes
configure:6871: result: /bin/dd bs=4096 count=1
configure:7007: gcc -c -g -O2  conftest.c >&5
configure:7010: $? = 0
configure:7200: checking for mt
configure:7216: found /bin/mt
configure:7227: result: mt
configure:7250: checking if mt is a manifest tool
configure:7256: mt '-?'
configure:7264: result: no
configure:7941: checking how to run the C preprocessor
configure:7972: gcc -E  conftest.c
configure:7972: $? = 0
configure:7986: gcc -E  conftest.c
conftest.c:11:28: fatal error: ac_nonexistent.h: No such file or directory
 #include <ac_nonexistent.h>
                            ^
compilation terminated.
configure:7986: $? = 1
configure: failed program was:
| /* confdefs.h */
| #define PACKAGE_NAME "goptical"
| #define PACKAGE_TARNAME "goptical"
| #define PACKAGE_VERSION "1.0"
| #define PACKAGE_STRING "goptical 1.0"
| #define PACKAGE_BUGREPORT ""
| #define PACKAGE_URL ""
| #define PACKAGE "goptical"
| #define VERSION "1.0"
| /* end confdefs.h.  */
| #include <ac_nonexistent.h>
configure:8011: result: gcc -E
configure:8031: gcc -E  conftest.c
configure:8031: $? = 0
configure:8045: gcc -E  conftest.c
conftest.c:11:28: fatal error: ac_nonexistent.h: No such file or directory
 #include <ac_nonexistent.h>
                            ^
compilation terminated.
configure:8045: $? = 1
configure: failed program was:
| /* confdefs.h */
| #define PACKAGE_NAME "goptical"
| #define PACKAGE_TARNAME "goptical"
| #define PACKAGE_VERSION "1.0"
| #define PACKAGE_STRING "goptical 1.0"
| #define PACKAGE_BUGREPORT ""
| #define PACKAGE_URL ""
| #define PACKAGE "goptical"
| #define VERSION "1.0"
| /* end confdefs.h.  */
| #include <ac_nonexistent.h>
configure:8074: checking for ANSI C header files
configure:8094: gcc -c -g -O2  conftest.c >&5
configure:8094: $? = 0
configure:8167: gcc -o conftest -g -O2   conftest.c  >&5
configure:8167: $? = 0
configure:8167: ./conftest
configure:8167: $? = 0
configure:8178: result: yes
configure:8191: checking for sys/types.h
configure:8191: gcc -c -g -O2  conftest.c >&5
configure:8191: $? = 0
configure:8191: result: yes
configure:8191: checking for sys/stat.h
configure:8191: gcc -c -g -O2  conftest.c >&5
configure:8191: $? = 0
configure:8191: result: yes
configure:8191: checking for stdlib.h
configure:8191: gcc -c -g -O2  conftest.c >&5
configure:8191: $? = 0
configure:8191: result: yes
configure:8191: checking for string.h
configure:8191: gcc -c -g -O2  conftest.c >&5
configure:8191: $? = 0
configure:8191: result: yes
configure:8191: checking for memory.h
configure:8191: gcc -c -g -O2  conftest.c >&5
configure:8191: $? = 0
configure:8191: result: yes
configure:8191: checking for strings.h
configure:8191: gcc -c -g -O2  conftest.c >&5
configure:8191: $? = 0
configure:8191: result: yes
configure:8191: checking for inttypes.h
configure:8191: gcc -c -g -O2  conftest.c >&5
configure:8191: $? = 0
configure:8191: result: yes
configure:8191: checking for stdint.h
configure:8191: gcc -c -g -O2  conftest.c >&5
configure:8191: $? = 0
configure:8191: result: yes
configure:8191: checking for unistd.h
configure:8191: gcc -c -g -O2  conftest.c >&5
configure:8191: $? = 0
configure:8191: result: yes
configure:8205: checking for dlfcn.h
configure:8205: gcc -c -g -O2  conftest.c >&5
configure:8205: $? = 0
configure:8205: result: yes
configure:8442: checking for objdir
configure:8457: result: .libs
configure:8721: checking if gcc supports -fno-rtti -fno-exceptions
configure:8739: gcc -c -g -O2  -fno-rtti -fno-exceptions conftest.c >&5
cc1: warning: command line option '-fno-rtti' is valid for C++/ObjC++ but not for C
configure:8743: $? = 0
configure:8756: result: no
configure:9114: checking for gcc option to produce PIC
configure:9121: result: -fPIC -DPIC
configure:9129: checking if gcc PIC flag -fPIC -DPIC works
configure:9147: gcc -c -g -O2  -fPIC -DPIC -DPIC conftest.c >&5
configure:9151: $? = 0
configure:9164: result: yes
configure:9193: checking if gcc static flag -static works
configure:9221: result: yes
configure:9236: checking if gcc supports -c -o file.o
configure:9257: gcc -c -g -O2  -o out/conftest2.o conftest.c >&5
configure:9261: $? = 0
configure:9283: result: yes
configure:9291: checking if gcc supports -c -o file.o
configure:9338: result: yes
configure:9371: checking whether the gcc linker (/usr/bin/ld -m elf_x86_64) supports shared libraries
configure:10634: result: yes
configure:10671: checking whether -lc should be explicitly linked in
configure:10679: gcc -c -g -O2  conftest.c >&5
configure:10682: $? = 0
configure:10697: gcc -shared  -fPIC -DPIC conftest.o  -v -Wl,-soname -Wl,conftest -o conftest 2\>\&1 \| /bin/grep  -lc  \>/dev/null 2\>\&1
configure:10700: $? = 0
configure:10714: result: no
configure:10874: checking dynamic linker characteristics
configure:11455: gcc -o conftest -g -O2   -Wl,-rpath -Wl,/foo conftest.c  >&5
configure:11455: $? = 0
configure:11704: result: GNU/Linux ld.so
configure:11826: checking how to hardcode library paths into programs
configure:11851: result: immediate
configure:12399: checking whether stripping libraries is possible
configure:12404: result: yes
configure:12439: checking if libtool supports shared libraries
configure:12441: result: yes
configure:12444: checking whether to build shared libraries
configure:12469: result: yes
configure:12472: checking whether to build static libraries
configure:12476: result: no
configure:12499: checking how to run the C++ preprocessor
configure:12526: g++ -E  conftest.cpp
configure:12526: $? = 0
configure:12540: g++ -E  conftest.cpp
conftest.cpp:23:28: fatal error: ac_nonexistent.h: No such file or directory
 #include <ac_nonexistent.h>
                            ^
compilation terminated.
configure:12540: $? = 1
configure: failed program was:
| /* confdefs.h */
| #define PACKAGE_NAME "goptical"
| #define PACKAGE_TARNAME "goptical"
| #define PACKAGE_VERSION "1.0"
| #define PACKAGE_STRING "goptical 1.0"
| #define PACKAGE_BUGREPORT ""
| #define PACKAGE_URL ""
| #define PACKAGE "goptical"
| #define VERSION "1.0"
| #define STDC_HEADERS 1
| #define HAVE_SYS_TYPES_H 1
| #define HAVE_SYS_STAT_H 1
| #define HAVE_STDLIB_H 1
| #define HAVE_STRING_H 1
| #define HAVE_MEMORY_H 1
| #define HAVE_STRINGS_H 1
| #define HAVE_INTTYPES_H 1
| #define HAVE_STDINT_H 1
| #define HAVE_UNISTD_H 1
| #define HAVE_DLFCN_H 1
| #define LT_OBJDIR ".libs/"
| /* end confdefs.h.  */
| #include <ac_nonexistent.h>
configure:12565: result: g++ -E
configure:12585: g++ -E  conftest.cpp
configure:12585: $? = 0
configure:12599: g++ -E  conftest.cpp
conftest.cpp:23:28: fatal error: ac_nonexistent.h: No such file or directory
 #include <ac_nonexistent.h>
                            ^
compilation terminated.
configure:12599: $? = 1
configure: failed program was:
| /* confdefs.h */
| #define PACKAGE_NAME "goptical"
| #define PACKAGE_TARNAME "goptical"
| #define PACKAGE_VERSION "1.0"
| #define PACKAGE_STRING "goptical 1.0"
| #define PACKAGE_BUGREPORT ""
| #define PACKAGE_URL ""
| #define PACKAGE "goptical"
| #define VERSION "1.0"
| #define STDC_HEADERS 1
| #define HAVE_SYS_TYPES_H 1
| #define HAVE_SYS_STAT_H 1
| #define HAVE_STDLIB_H 1
| #define HAVE_STRING_H 1
| #define HAVE_MEMORY_H 1
| #define HAVE_STRINGS_H 1
| #define HAVE_INTTYPES_H 1
| #define HAVE_STDINT_H 1
| #define HAVE_UNISTD_H 1
| #define HAVE_DLFCN_H 1
| #define LT_OBJDIR ".libs/"
| /* end confdefs.h.  */
| #include <ac_nonexistent.h>
configure:12761: checking for ld used by g++
configure:12828: result: /usr/bin/ld -m elf_x86_64
configure:12835: checking if the linker (/usr/bin/ld -m elf_x86_64) is GNU ld
configure:12850: result: yes
configure:12905: checking whether the g++ linker (/usr/bin/ld -m elf_x86_64) supports shared libraries
configure:13978: result: yes
configure:14014: g++ -c -g -O2  conftest.cpp >&5
configure:14017: $? = 0
configure:14498: checking for g++ option to produce PIC
configure:14505: result: -fPIC -DPIC
configure:14513: checking if g++ PIC flag -fPIC -DPIC works
configure:14531: g++ -c -g -O2  -fPIC -DPIC -DPIC conftest.cpp >&5
configure:14535: $? = 0
configure:14548: result: yes
configure:14571: checking if g++ static flag -static works
configure:14599: result: yes
configure:14611: checking if g++ supports -c -o file.o
configure:14632: g++ -c -g -O2  -o out/conftest2.o conftest.cpp >&5
configure:14636: $? = 0
configure:14658: result: yes
configure:14663: checking if g++ supports -c -o file.o
configure:14710: result: yes
configure:14740: checking whether the g++ linker (/usr/bin/ld -m elf_x86_64) supports shared libraries
configure:14783: result: yes
configure:14924: checking dynamic linker characteristics
configure:15681: result: GNU/Linux ld.so
configure:15746: checking how to hardcode library paths into programs
configure:15771: result: immediate
configure:15852: checking for cosf in -lm
configure:15877: g++ -o conftest -g -O2 -Wall   -DNDEBUG   conftest.cpp -lm   >&5
configure:15877: $? = 0
configure:15886: result: yes
configure:15939: checking GL/gl.h usability
configure:15939: g++ -c -g -O2 -Wall   -DNDEBUG  conftest.cpp >&5
configure:15939: $? = 0
configure:15939: result: yes
configure:15939: checking GL/gl.h presence
configure:15939: g++ -E  -DNDEBUG  conftest.cpp
configure:15939: $? = 0
configure:15939: result: yes
configure:15939: checking for GL/gl.h
configure:15939: result: yes
configure:15941: checking for glLoadIdentity in -lGL
configure:15966: g++ -o conftest -g -O2 -Wall   -DNDEBUG   conftest.cpp -lGL  -lm  >&5
configure:15966: $? = 0
configure:15975: result: yes
configure:15979: checking GL/glu.h usability
configure:15979: g++ -c -g -O2 -Wall   -DNDEBUG  conftest.cpp >&5
configure:15979: $? = 0
configure:15979: result: yes
configure:15979: checking GL/glu.h presence
configure:15979: g++ -E  -DNDEBUG  conftest.cpp
configure:15979: $? = 0
configure:15979: result: yes
configure:15979: checking for GL/glu.h
configure:15979: result: yes
configure:15981: checking for gluPerspective in -lGLU
configure:16006: g++ -o conftest -g -O2 -Wall   -DNDEBUG   conftest.cpp -lGLU  -lm  >&5
configure:16006: $? = 0
configure:16015: result: yes
configure:16019: checking GL/glut.h usability
configure:16019: g++ -c -g -O2 -Wall   -DNDEBUG  conftest.cpp >&5
configure:16019: $? = 0
configure:16019: result: yes
configure:16019: checking GL/glut.h presence
configure:16019: g++ -E  -DNDEBUG  conftest.cpp
configure:16019: $? = 0
configure:16019: result: yes
configure:16019: checking for GL/glut.h
configure:16019: result: yes
configure:16021: checking for glutInit in -lglut
configure:16046: g++ -o conftest -g -O2 -Wall   -DNDEBUG   conftest.cpp -lglut  -lm  >&5
configure:16046: $? = 0
configure:16055: result: yes
configure:16097: checking X11/Xlib.h usability
configure:16097: g++ -c -g -O2 -Wall   -DNDEBUG  conftest.cpp >&5
configure:16097: $? = 0
configure:16097: result: yes
configure:16097: checking X11/Xlib.h presence
configure:16097: g++ -E  -DNDEBUG  conftest.cpp
configure:16097: $? = 0
configure:16097: result: yes
configure:16097: checking for X11/Xlib.h
configure:16097: result: yes
configure:16099: checking for XOpenDisplay in -lX11
configure:16124: g++ -o conftest -g -O2 -Wall   -DNDEBUG   conftest.cpp -lX11  -lm  -lglut -lGL -lGLU  >&5
configure:16124: $? = 0
configure:16133: result: yes
configure:16161: checking for cos in -lm
configure:16186: g++ -o conftest -g -O2 -Wall   -DNDEBUG   conftest.cpp -lm  -lm  -lglut -lGL -lGLU  -lX11  >&5
configure:16186: $? = 0
configure:16195: result: yes
configure:16206: checking for cblas_dgemm in -lgslcblas
configure:16231: g++ -o conftest -g -O2 -Wall   -DNDEBUG   conftest.cpp -lgslcblas  -lm -lm  -lglut -lGL -lGLU  -lX11  >&5
configure:16231: $? = 0
configure:16240: result: yes
configure:16251: checking for gsl_blas_dgemm in -lgsl
configure:16276: g++ -o conftest -g -O2 -Wall   -DNDEBUG   conftest.cpp -lgsl  -lgslcblas -lm -lm  -lglut -lGL -lGLU  -lX11  >&5
configure:16276: $? = 0
configure:16285: result: yes
configure:16309: checking for eigen3
configure:16320: checking for /usr/include/eigen3/Eigen
configure:16334: result: yes
configure:16365: checking Eigen/Dense usability
configure:16365: g++ -c -g -O2 -Wall   -DNDEBUG  -I/usr/include/eigen3 conftest.cpp >&5
configure:16365: $? = 0
configure:16365: result: yes
configure:16365: checking Eigen/Dense presence
configure:16365: g++ -E  -DNDEBUG  -I/usr/include/eigen3 conftest.cpp
configure:16365: $? = 0
configure:16365: result: yes
configure:16365: checking for Eigen/Dense
configure:16365: result: yes
configure:16540: checking that generated files are newer than configure
configure:16546: result: done
configure:16585: creating ./config.status

## ---------------------- ##
## Running config.status. ##
## ---------------------- ##

This file was extended by goptical config.status 1.0, which was
generated by GNU Autoconf 2.69.  Invocation command line was

  CONFIG_FILES    = 
  CONFIG_HEADERS  = 
  CONFIG_LINKS    = 
  CONFIG_COMMANDS = 
  $ ./config.status 

on kevin-desktop

config.status:1087: creating Makefile
config.status:1087: creating doc/Makefile
config.status:1087: creating doc/texinfo/Makefile
config.status:1087: creating examples/Makefile
config.status:1087: creating examples/curve_model/Makefile
config.status:1087: creating examples/hierarchical_design/Makefile
config.status:1087: creating examples/render_3d/Makefile
config.status:1087: creating examples/segmented_mirror/Makefile
config.status:1087: creating examples/simple_refractor/Makefile
config.status:1087: creating examples/tessar_lens/Makefile
config.status:1259: executing depfiles commands
config.status:1259: executing libtool commands
configure:18881: === configuring in goptical_core (/home/fortierk/Programming/C++/goptical-1.0-kmf_branch/goptical_core)
configure:18944: running /bin/bash ./configure --disable-option-checking '--prefix=/usr/local'  '--with-goptical-core-include=/home/fortierk/Programming/C++/goptical-1.0-kmf_branch/goptical_core/src' '--with-goptical-core-lib=/home/fortierk/Programming/C++/goptical-1.0-kmf_branch/goptical_core/src/libgoptical.la' --cache-file=/dev/null --srcdir=.
configure:18881: === configuring in goptical_design (/home/fortierk/Programming/C++/goptical-1.0-kmf_branch/goptical_design)
configure:18944: running /bin/bash ./configure --disable-option-checking '--prefix=/usr/local'  '--with-goptical-core-include=/home/fortierk/Programming/C++/goptical-1.0-kmf_branch/goptical_core/src' '--with-goptical-core-lib=/home/fortierk/Programming/C++/goptical-1.0-kmf_branch/goptical_core/src/libgoptical.la' --cache-file=/dev/null --srcdir=.

## ---------------- ##
## Cache variables. ##
## ---------------- ##

ac_cv_build=x86_64-unknown-linux-gnu
ac_cv_c_compiler_gnu=yes
ac_cv_cxx_compiler_gnu=yes
ac_cv_env_CCC_set=
ac_cv_env_CCC_value=
ac_cv_env_CC_set=
ac_cv_env_CC_value=
ac_cv_env_CFLAGS_set=
ac_cv_env_CFLAGS_value=
ac_cv_env_CPPFLAGS_set=
ac_cv_env_CPPFLAGS_value=
ac_cv_env_CPP_set=
ac_cv_env_CPP_value=
ac_cv_env_CXXCPP_set=
ac_cv_env_CXXCPP_value=
ac_cv_env_CXXFLAGS_set=
ac_cv_env_CXXFLAGS_value=
ac_cv_env_CXX_set=
ac_cv_env_CXX_value=
ac_cv_env_LDFLAGS_set=
ac_cv_env_LDFLAGS_value=
ac_cv_env_LIBS_set=
ac_cv_env_LIBS_value=
ac_cv_env_LT_SYS_LIBRARY_PATH_set=
ac_cv_env_LT_SYS_LIBRARY_PATH_value=
ac_cv_env_build_alias_set=
ac_cv_env_build_alias_value=
ac_cv_env_host_alias_set=
ac_cv_env_host_alias_value=
ac_cv_env_target_alias_set=
ac_cv_env_target_alias_value=
ac_cv_file__usr_include_eigen3_Eigen=yes
ac_cv_header_Eigen_Dense=yes
ac_cv_header_GL_gl_h=yes
ac_cv_header_GL_glu_h=yes
ac_cv_header_GL_glut_h=yes
ac_cv_header_X11_Xlib_h=yes
ac_cv_header_dlfcn_h=yes
ac_cv_header_inttypes_h=yes
ac_cv_header_memory_h=yes
ac_cv_header_stdc=yes
ac_cv_header_stdint_h=yes
ac_cv_header_stdlib_h=yes
ac_cv_header_string_h=yes
ac_cv_header_strings_h=yes
ac_cv_header_sys_stat_h=yes
ac_cv_header_sys_types_h=yes
ac_cv_header_unistd_h=yes
ac_cv_host=x86_64-unknown-linux-gnu
ac_cv_lib_GLU_gluPerspective=yes
ac_cv_lib_GL_glLoadIdentity=yes
ac_cv_lib_X11_XOpenDisplay=yes
ac_cv_lib_glut_glutInit=yes
ac_cv_lib_gsl_gsl_blas_dgemm=yes
ac_cv_lib_gslcblas_cblas_dgemm=yes
ac_cv_lib_m_cos=yes
ac_cv_lib_m_cosf=yes
ac_cv_objext=o
ac_cv_path_EGREP='/bin/grep -E'
ac_cv_path_FGREP='/bin/grep -F'
ac_cv_path_GREP=/bin/grep
ac_cv_path_SED=/bin/sed
ac_cv_path_install='/usr/bin/install -c'
ac_cv_path_lt_DD=/bin/dd
ac_cv_path_mkdir=/bin/mkdir
ac_cv_prog_AWK=gawk
ac_cv_prog_CPP='gcc -E'
ac_cv_prog_CXXCPP='g++ -E'
ac_cv_prog_ac_ct_AR=ar
ac_cv_prog_ac_ct_CC=gcc
ac_cv_prog_ac_ct_CXX=g++
ac_cv_prog_ac_ct_MANIFEST_TOOL=mt
ac_cv_prog_ac_ct_OBJDUMP=objdump
ac_cv_prog_ac_ct_RANLIB=ranlib
ac_cv_prog_ac_ct_STRIP=strip
ac_cv_prog_cc_c89=
ac_cv_prog_cc_g=yes
ac_cv_prog_cxx_g=yes
ac_cv_prog_make_make_set=yes
am_cv_CC_dependencies_compiler_type=gcc3
am_cv_CXX_dependencies_compiler_type=gcc3
am_cv_make_support_nested_variables=yes
am_cv_prog_cc_c_o=yes
lt_cv_ar_at_file=@
lt_cv_archive_cmds_need_lc=no
lt_cv_deplibs_check_method=pass_all
lt_cv_file_magic_cmd='$MAGIC_CMD'
lt_cv_file_magic_test_file=
lt_cv_ld_reload_flag=-r
lt_cv_nm_interface='BSD nm'
lt_cv_objdir=.libs
lt_cv_path_LD=/usr/bin/ld
lt_cv_path_LDCXX='/usr/bin/ld -m elf_x86_64'
lt_cv_path_NM='/usr/bin/nm -B'
lt_cv_path_mainfest_tool=no
lt_cv_prog_compiler_c_o=yes
lt_cv_prog_compiler_c_o_CXX=yes
lt_cv_prog_compiler_pic='-fPIC -DPIC'
lt_cv_prog_compiler_pic_CXX='-fPIC -DPIC'
lt_cv_prog_compiler_pic_works=yes
lt_cv_prog_compiler_pic_works_CXX=yes
lt_cv_prog_compiler_rtti_exceptions=no
lt_cv_prog_compiler_static_works=yes
lt_cv_prog_compiler_static_works_CXX=yes
lt_cv_prog_gnu_ld=yes
lt_cv_prog_gnu_ldcxx=yes
lt_cv_sharedlib_from_linklib_cmd='printf %s\n'
lt_cv_shlibpath_overrides_runpath=yes
lt_cv_sys_global_symbol_pipe='sed -n -e '\''s/^.*[	 ]\([ABCDGIRSTW][ABCDGIRSTW]*\)[	 ][	 ]*\([_A-Za-z][_A-Za-z0-9]*\)$/\1 \2 \2/p'\'' | sed '\''/ __gnu_lto/d'\'''
lt_cv_sys_global_symbol_to_c_name_address='sed -n -e '\''s/^: \(.*\) .*$/  {"\1", (void *) 0},/p'\'' -e '\''s/^[ABCDGIRSTW][ABCDGIRSTW]* .* \(.*\)$/  {"\1", (void *) \&\1},/p'\'''
lt_cv_sys_global_symbol_to_c_name_address_lib_prefix='sed -n -e '\''s/^: \(.*\) .*$/  {"\1", (void *) 0},/p'\'' -e '\''s/^[ABCDGIRSTW][ABCDGIRSTW]* .* \(lib.*\)$/  {"\1", (void *) \&\1},/p'\'' -e '\''s/^[ABCDGIRSTW][ABCDGIRSTW]* .* \(.*\)$/  {"lib\1", (void *) \&\1},/p'\'''
lt_cv_sys_global_symbol_to_cdecl='sed -n -e '\''s/^T .* \(.*\)$/extern int \1();/p'\'' -e '\''s/^[ABCDGIRSTW][ABCDGIRSTW]* .* \(.*\)$/extern char \1;/p'\'''
lt_cv_sys_global_symbol_to_import=
lt_cv_sys_max_cmd_len=1572864
lt_cv_to_host_file_cmd=func_convert_file_noop
lt_cv_to_tool_file_cmd=func_convert_file_noop
lt_cv_truncate_bin='/bin/dd bs=4096 count=1'

## ----------------- ##
## Output variables. ##
## ----------------- ##

ACLOCAL='aclocal-1.15'
AMDEPBACKSLASH='\'
AMDEP_FALSE='#'
AMDEP_TRUE=''
AMTAR='$${TAR-tar}'
AM_BACKSLASH='\'
AM_DEFAULT_V='$(AM_DEFAULT_VERBOSITY)'
AM_DEFAULT_VERBOSITY='1'
AM_V='$(V)'
AR='ar'
AUTOCONF='autoconf'
AUTOHEADER='autoheader'
AUTOMAKE='automake-1.15'
AWK='gawk'
CC='gcc'
CCDEPMODE='depmode=gcc3'
CFLAGS='-g -O2'
CPP='gcc -E'
CPPFLAGS=' -DNDEBUG '
CXX='g++'
CXXCPP='g++ -E'
CXXDEPMODE='depmode=gcc3'
CXXFLAGS='-g -O2 -Wall '
CYGPATH_W='echo'
DEFS='-DPACKAGE_NAME=\"goptical\" -DPACKAGE_TARNAME=\"goptical\" -DPACKAGE_VERSION=\"1.0\" -DPACKAGE_STRING=\"goptical\ 1.0\" -DPACKAGE_BUGREPORT=\"\" -DPACKAGE_URL=\"\" -DPACKAGE=\"goptical\" -DVERSION=\"1.0\" -DSTDC_HEADERS=1 -DHAVE_SYS_TYPES_H=1 -DHAVE_SYS_STAT_H=1 -DHAVE_STDLIB_H=1 -DHAVE_STRING_H=1 -DHAVE_MEMORY_H=1 -DHAVE_STRINGS_H=1 -DHAVE_INTTYPES_H=1 -DHAVE_STDINT_H=1 -DHAVE_UNISTD_H=1 -DHAVE_DLFCN_H=1 -DLT_OBJDIR=\".libs/\" -DHAVE_LIBM=1 -DGOPTICAL_HAVE_GL=1 -DGOPTICAL_HAVE_X11=1 -DHAVE_LIBM=1 -DHAVE_LIBGSLCBLAS=1 -DHAVE_LIBGSL=1'
DEPDIR='.deps'
DLLTOOL='false'
DSYMUTIL=''
DUMPBIN=''
ECHO_C=''
ECHO_N='-n'
ECHO_T=''
EGREP='/bin/grep -E'
EIGEN3_INC='/usr/include/eigen3'
EXEEXT=''
FGREP='/bin/grep -F'
GOPTICAL_HAVE_GL_FALSE='#'
GOPTICAL_HAVE_GL_TRUE=''
GOPTICAL_HAVE_X11_FALSE='#'
GOPTICAL_HAVE_X11_TRUE=''
GREP='/bin/grep'
HAVE_EIGEN3_FALSE='#'
HAVE_EIGEN3_TRUE=''
INSTALL_DATA='${INSTALL} -m 644'
INSTALL_PROGRAM='${INSTALL}'
INSTALL_SCRIPT='${INSTALL}'
INSTALL_STRIP_PROGRAM='$(install_sh) -c -s'
LD='/usr/bin/ld -m elf_x86_64'
LDFLAGS=''
LIBOBJS=''
LIBS='-lgsl -lgslcblas -lm -lm  -lglut -lGL -lGLU  -lX11 '
LIBTOOL='$(SHELL) $(top_builddir)/libtool'
LIPO=''
LN_S='ln -s'
LTLIBOBJS=''
LT_SYS_LIBRARY_PATH=''
MAKEINFO='makeinfo'
MANIFEST_TOOL=':'
MKDIR_P='/bin/mkdir -p'
NM='/usr/bin/nm -B'
NMEDIT=''
OBJDUMP='objdump'
OBJEXT='o'
OTOOL64=''
OTOOL=''
PACKAGE='goptical'
PACKAGE_BUGREPORT=''
PACKAGE_NAME='goptical'
PACKAGE_STRING='goptical 1.0'
PACKAGE_TARNAME='goptical'
PACKAGE_URL=''
PACKAGE_VERSION='1.0'
PATH_SEPARATOR=':'
RANLIB='ranlib'
SED='/bin/sed'
SET_MAKE=''
SHELL='/bin/bash'
STRIP='strip'
VERSION='1.0'
ac_ct_AR='ar'
ac_ct_CC='gcc'
ac_ct_CXX='g++'
ac_ct_DUMPBIN=''
am__EXEEXT_FALSE=''
am__EXEEXT_TRUE='#'
am__fastdepCC_FALSE='#'
am__fastdepCC_TRUE=''
am__fastdepCXX_FALSE='#'
am__fastdepCXX_TRUE=''
am__include='include'
am__isrc=''
am__leading_dot='.'
am__nodep='_no'
am__quote=''
am__tar='$${TAR-tar} chof - "$$tardir"'
am__untar='$${TAR-tar} xf -'
bindir='${exec_prefix}/bin'
build='x86_64-unknown-linux-gnu'
build_alias=''
build_cpu='x86_64'
build_os='linux-gnu'
build_vendor='unknown'
datadir='${datarootdir}'
datarootdir='${prefix}/share'
docdir='${datarootdir}/doc/${PACKAGE_TARNAME}'
dvidir='${docdir}'
exec_prefix='${prefix}'
host='x86_64-unknown-linux-gnu'
host_alias=''
host_cpu='x86_64'
host_os='linux-gnu'
host_vendor='unknown'
htmldir='${docdir}'
includedir='${prefix}/include'
infodir='${datarootdir}/info'
install_sh='${SHELL} /home/fortierk/Programming/C++/goptical-1.0-kmf_branch/build-aux/install-sh'
libdir='${exec_prefix}/lib'
libexecdir='${exec_prefix}/libexec'
localedir='${datarootdir}/locale'
localstatedir='${prefix}/var'
mandir='${datarootdir}/man'
mkdir_p='$(MKDIR_P)'
oldincludedir='/usr/include'
pdfdir='${docdir}'
prefix='/usr/local'
program_transform_name='s,x,x,'
psdir='${docdir}'
runstatedir='${localstatedir}/run'
sbindir='${exec_prefix}/sbin'
sharedstatedir='${prefix}/com'
subdirs=' goptical_core goptical_design'
sysconfdir='${prefix}/etc'
target_alias=''

## ----------- ##
## confdefs.h. ##
## ----------- ##

/* confdefs.h */
#define PACKAGE_NAME "goptical"
#define PACKAGE_TARNAME "goptical"
#define PACKAGE_VERSION "1.0"
#define PACKAGE_STRING "goptical 1.0"
#define PACKAGE_BUGREPORT ""
#define PACKAGE_URL ""
#define PACKAGE "goptical"
#define VERSION "1.0"
#define STDC_HEADERS 1
#define HAVE_SYS_TYPES_H 1
#define HAVE_SYS_STAT_H 1
#define HAVE_STDLIB_H 1
#define HAVE_STRING_H 1
#define HAVE_MEMORY_H 1
#define HAVE_STRINGS_H 1
#define HAVE_INTTYPES_H 1
#define HAVE_STDINT_H 1
#define HAVE_UNISTD_H 1
#define HAVE_DLFCN_H 1
#define LT_OBJDIR ".libs/"
#define HAVE_LIBM 1
#define GOPTICAL_HAVE_GL 1
#define GOPTICAL_HAVE_X11 1
#define HAVE_LIBM 1
#define HAVE_LIBGSLCBLAS 1
#define HAVE_LIBGSL 1

configure: exit 0

## ---------------------- ##
## Running config.status. ##
## ---------------------- ##

This file was extended by goptical config.status 1.0, which was
generated by GNU Autoconf 2.69.  Invocation command line was

  CONFIG_FILES    = 
  CONFIG_HEADERS  = 
  CONFIG_LINKS    = 
  CONFIG_COMMANDS = 
  $ ./config.status Makefile

on kevin-desktop

config.status:1087: creating Makefile
