autoscan: warning: missing AC_CHECK_FUNCS([floor]) wanted by: 
	src/io_renderer_viewport.cc:507
	src/shape_round_.hxx:45
	src/data_sample_set.cc:59
	src/data_grid.cc:603
	src/data_grid.cc:604
	src/io_renderer_axes.cc:181
	src/Goptical/common.hh:460
autoscan: warning: missing AC_CHECK_FUNCS([pow]) wanted by: 
	src/curve_polynomial.cc:164
	src/curve_polynomial.cc:177
	src/io_renderer_viewport.cc:654
	src/material_conrady.cc:44
	src/material_dielectric.cc:58
	src/material_dielectric.cc:65
	src/material_base.cc:58
	src/io_renderer_axes.cc:182
	src/material_schott.cc:71
	src/Goptical/Analysis/PSF.hxx:54
autoscan: warning: missing AC_CHECK_FUNCS([select]) wanted by: 
	src/Goptical/Math/vector.hh:94
	src/Goptical/Math/vector.hxx:222
autoscan: warning: missing AC_CHECK_FUNCS([sqrt]) wanted by: 
	src/material_sellmeiermod.cc:52
	src/material_sellmeiermod.cc:55
	src/material_sellmeiermod.cc:58
	src/curve_foucault.cc:122
	src/curve_foucault.cc:136
	src/curve_foucault.cc:141
	src/curve_foucault.cc:214
	src/curve_foucault.cc:215
	src/shape_elliptical_ring.cc:48
	src/shape_elliptical_ring.cc:53
	src/shape_elliptical_ring.cc:68
	src/shape_elliptical_ring.cc:69
	src/shape_elliptical_ring.cc:75
	src/shape_elliptical_ring.cc:76
	src/curve_zernike.cc:737
	src/shape_ellipse.cc:45
	src/shape_ellipse.cc:63
	src/shape_ellipse.cc:64
	src/shape_base.cc:108
	src/shape_base.cc:143
	src/sys_optical_surface.cc:101
	src/analysis_spot.cc:92
	src/curve_rotational.cc:41
	src/curve_conic_base.cc:136
	src/curve_sphere.cc:42
	src/curve_sphere.cc:49
	src/curve_sphere.cc:98
	src/curve_conic.cc:48
	src/curve_conic.cc:56
	src/curve_conic.cc:89
	src/curve_conic.cc:188
	src/material_schott.cc:75
	src/analysis_focus.cc:111
	src/curve_parabola.cc:80
	src/material_sellmeier.cc:65
	src/Goptical/Curve/conic_base.hxx:43
	src/Goptical/Math/vector.hxx:198
	src/Goptical/Math/quaternion.hxx:84
autoscan: warning: missing AC_CHECK_FUNCS([strcasecmp]) wanted by: 
	src/io_import_zemax.cc:276
	src/io_import_zemax.cc:278
	src/io_import_zemax.cc:280
	src/io_import_zemax.cc:282
	src/io_import_zemax.cc:374
	src/io_import_zemax.cc:376
	src/io_import_zemax.cc:539
autoscan: warning: missing AC_CHECK_HEADER_STDBOOL wanted by: 
	tests/test_discrete_set.cc:49
	tests/test_rendering.cc:142
	tests/test_rendering.cc:147
	tests/test_rendering.cc:147
	tests/test_patterns.cc:61
	tests/test_patterns.cc:152
	tests/test_2d_plot.cc:101
	tests/test_2d_plot.cc:106
	tests/test_2d_plot.cc:106
	src/io_renderer_plplot.cc:188
	src/io_renderer_plplot.cc:195
	src/io_renderer_plplot.cc:195
	src/sys_stop.cc:59
	src/sys_stop.cc:71
	src/sys_stop.cc:88
	src/io_renderer_svg.cc:109
	src/io_renderer_svg.cc:121
	src/io_renderer_svg.cc:133
	src/io_renderer_svg.cc:145
	src/io_renderer_svg.cc:257
	src/io_renderer_svg.cc:312
	src/io_renderer_svg.cc:312
	src/analysis_rayfan.cc:210
	src/analysis_rayfan.cc:240
	src/analysis_rayfan.cc:287
	src/analysis_rayfan.cc:354
	src/shape_elliptical_ring.cc:51
	src/curve_zernike.cc:751
	src/curve_zernike.cc:778
	src/io_renderer_viewport.cc:58
	src/io_renderer_viewport.cc:102
	src/io_renderer_viewport.cc:109
	src/io_renderer_viewport.cc:543
	src/io_renderer_viewport.cc:544
	src/io_renderer_viewport.cc:566
	src/io_renderer_viewport.cc:615
	src/material_mirror.cc:36
	src/material_mirror.cc:41
	src/shape_ellipse.cc:48
	src/shape_base.cc:44
	src/sys_optical_surface.cc:86
	src/sys_optical_surface.cc:126
	src/sys_optical_surface.cc:190
	src/material_air.cc:39
	src/material_air.cc:45
	src/sys_lens.cc:331
	src/shape_regular_polygon.cc:57
	src/io_import_zemax.cc:125
	src/io_import_zemax.cc:126
	src/io_import_zemax.cc:605
	src/sys_mirror.cc:39
	src/sys_mirror.cc:51
	src/sys_mirror.cc:63
	src/io_renderer_x3d.cc:132
	src/io_renderer_x3d.cc:144
	src/io_renderer_x3d.cc:144
	src/io_renderer_x3d.cc:199
	src/io_renderer_x3d.cc:199
	src/io_renderer.cc:86
	src/io_renderer.cc:87
	src/io_renderer.cc:88
	src/io_renderer.cc:110
	src/io_renderer.cc:138
	src/io_renderer.cc:161
	src/io_renderer.cc:168
	src/io_renderer.cc:232
	src/io_renderer.cc:232
	src/io_renderer.cc:246
	src/io_renderer.cc:271
	src/io_renderer.cc:271
	src/io_renderer.cc:293
	src/material_vacuum.cc:36
	src/material_vacuum.cc:41
	src/shape_disk.cc:34
	src/shape_round_.hxx:35
	src/shape_round_.hxx:38
	src/shape_round_.hxx:43
	src/shape_round_.hxx:160
	src/shape_round_.hxx:166
	src/shape_round_.hxx:187
	src/shape_round_.hxx:209
	src/analysis_spot.cc:197
	src/curve_base.cc:37
	src/material_metal.cc:41
	src/material_metal.cc:46
	src/io_renderer_x11.cc:172
	src/io_renderer_x11.cc:189
	src/io_renderer_x11.cc:189
	src/trace_result.cc:126
	src/trace_result.cc:132
	src/trace_result.cc:138
	src/trace_result.cc:143
	src/trace_result.cc:224
	src/trace_result.cc:229
	src/shape_rectangle.cc:38
	src/shape_rectangle.cc:45
	src/sys_container.cc:110
	src/material_dielectric.cc:44
	src/material_dielectric.cc:49
	src/io_renderer_dxf.cc:172
	src/io_renderer_dxf.cc:172
	src/io_renderer_dxf.cc:208
	src/shape_composer.cc:76
	src/shape_composer.cc:80
	src/shape_composer.cc:88
	src/shape_composer.cc:182
	src/trace_sequence.cc:47
	src/io_renderer_opengl.cc:140
	src/io_renderer_opengl.cc:140
	src/curve_sphere.cc:68
	src/curve_conic.cc:59
	src/shape_polygon.cc:110
	src/io_renderer_axes.cc:98
	src/io_renderer_axes.cc:103
	src/io_renderer_axes.cc:108
	src/io_renderer_axes.cc:114
	src/io_renderer_axes.cc:123
	src/io_renderer_axes.cc:140
	src/io_renderer_axes.cc:141
	src/curve_flat.cc:66
	src/curve_parabola.cc:50
	src/sys_surface.cc:69
	src/sys_surface.cc:100
	src/material_proxy.cc:37
	src/material_proxy.cc:42
	src/io_renderer_gd.cc:247
	src/io_renderer_gd.cc:366
	src/io_renderer_gd.cc:366
	src/shape_ring.cc:35
	src/shape_infinite.cc:35
	src/shape_infinite.cc:45
	src/Goptical/Shape/composer.hh:60
	src/Goptical/Shape/composer.hh:70
	src/Goptical/Shape/composer.hh:98
	src/Goptical/Shape/composer.hh:128
	src/Goptical/Shape/composer.hh:131
	src/Goptical/Shape/composer.hh:145
	src/Goptical/Shape/composer.hh:146
	src/Goptical/Shape/ring.hh:67
	src/Goptical/Shape/ellipse.hh:66
	src/Goptical/Shape/elliptical_ring.hh:75
	src/Goptical/Shape/base.hh:57
	src/Goptical/Shape/base.hh:62
	src/Goptical/Shape/regular_polygon.hh:62
	src/Goptical/Shape/polygon.hh:76
	src/Goptical/Shape/polygon.hh:89
	src/Goptical/Shape/disk.hh:64
	src/Goptical/Shape/shape_round.hh:44
	src/Goptical/Shape/shape_round.hh:50
	src/Goptical/Shape/rectangle.hh:62
	src/Goptical/Shape/rectangle.hh:64
	src/Goptical/Shape/infinite.hh:66
	src/Goptical/Shape/infinite.hh:68
	src/Goptical/Shape/composer.hxx:60
	src/Goptical/Sys/container.hh:83
	src/Goptical/Sys/container.hh:94
	src/Goptical/Sys/element.hxx:80
	src/Goptical/Sys/element.hxx:85
	src/Goptical/Sys/system.hxx:67
	src/Goptical/Sys/system.hxx:72
	src/Goptical/Sys/lens.hh:184
	src/Goptical/Sys/element.hh:166
	src/Goptical/Sys/element.hh:169
	src/Goptical/Sys/element.hh:226
	src/Goptical/Sys/system.hh:69
	src/Goptical/Sys/system.hh:76
	src/Goptical/Sys/stop.hh:69
	src/Goptical/Sys/stop.hh:84
	src/Goptical/Sys/stop.hh:109
	src/Goptical/Sys/surface.hh:82
	src/Goptical/Sys/surface.hh:89
	src/Goptical/Sys/mirror.hh:73
	src/Goptical/Sys/mirror.hh:83
	src/Goptical/Sys/mirror.hh:93
	src/Goptical/Sys/optical_surface.hh:117
	src/Goptical/Curve/flat.hh:53
	src/Goptical/Curve/zernike.hh:106
	src/Goptical/Curve/zernike.hh:109
	src/Goptical/Curve/conic_base.hh:71
	src/Goptical/Curve/base.hh:66
	src/Goptical/Curve/foucault.hh:154
	src/Goptical/Curve/foucault.hh:160
	src/Goptical/Curve/conic.hh:76
	src/Goptical/Curve/sphere.hh:51
	src/Goptical/Curve/parabola.hh:51
	src/Goptical/Io/rgb.hxx:42
	src/Goptical/Io/renderer_plplot.hh:79
	src/Goptical/Io/renderer_plplot.hh:82
	src/Goptical/Io/renderer_plplot.hh:82
	src/Goptical/Io/renderer_plplot.hh:114
	src/Goptical/Io/rgb.hh:45
	src/Goptical/Io/renderer_axes.hh:91
	src/Goptical/Io/renderer_axes.hh:94
	src/Goptical/Io/renderer_axes.hh:97
	src/Goptical/Io/renderer_axes.hh:100
	src/Goptical/Io/renderer_axes.hh:103
	src/Goptical/Io/renderer_axes.hh:106
	src/Goptical/Io/renderer_axes.hh:110
	src/Goptical/Io/renderer_axes.hh:113
	src/Goptical/Io/renderer_axes.hh:118
	src/Goptical/Io/renderer_axes.hh:121
	src/Goptical/Io/renderer_axes.hh:136
	src/Goptical/Io/renderer_axes.hh:137
	src/Goptical/Io/renderer_axes.hh:163
	src/Goptical/Io/renderer_axes.hh:164
	src/Goptical/Io/renderer_axes.hh:165
	src/Goptical/Io/renderer_axes.hh:170
	src/Goptical/Io/renderer_axes.hh:171
	src/Goptical/Io/renderer_axes.hh:180
	src/Goptical/Io/renderer_axes.hh:181
	src/Goptical/Io/renderer_opengl.hh:95
	src/Goptical/Io/renderer_opengl.hh:95
	src/Goptical/Io/renderer_dxf.hh:85
	src/Goptical/Io/renderer.hh:85
	src/Goptical/Io/renderer.hh:87
	src/Goptical/Io/renderer.hh:107
	src/Goptical/Io/renderer.hh:112
	src/Goptical/Io/renderer.hh:112
	src/Goptical/Io/renderer.hh:116
	src/Goptical/Io/renderer.hh:125
	src/Goptical/Io/renderer.hh:125
	src/Goptical/Io/renderer.hh:160
	src/Goptical/Io/renderer.hh:161
	src/Goptical/Io/renderer.hh:162
	src/Goptical/Io/renderer.hh:163
	src/Goptical/Io/renderer_svg.hh:76
	src/Goptical/Io/renderer_svg.hh:81
	src/Goptical/Io/renderer_svg.hh:81
	src/Goptical/Io/renderer_svg.hh:93
	src/Goptical/Io/renderer_svg.hh:94
	src/Goptical/Io/renderer_svg.hh:95
	src/Goptical/Io/renderer_svg.hh:96
	src/Goptical/Io/renderer_x3d.hh:76
	src/Goptical/Io/renderer_x3d.hh:78
	src/Goptical/Io/renderer_x3d.hh:78
	src/Goptical/Io/renderer_x3d.hh:85
	src/Goptical/Io/renderer_x3d.hh:85
	src/Goptical/Io/renderer_x3d.hh:109
	src/Goptical/Io/renderer_x3d.hh:110
	src/Goptical/Io/renderer_viewport.hh:90
	src/Goptical/Io/renderer_viewport.hh:91
	src/Goptical/Io/renderer_viewport.hh:92
	src/Goptical/Io/renderer_viewport.hh:208
	src/Goptical/Io/renderer_axes.hxx:45
	src/Goptical/Io/renderer_axes.hxx:50
	src/Goptical/Io/renderer_axes.hxx:55
	src/Goptical/Io/renderer_axes.hxx:60
	src/Goptical/Io/renderer_axes.hxx:65
	src/Goptical/Io/renderer_x11.hh:76
	src/Goptical/Io/renderer_x11.hh:80
	src/Goptical/Io/renderer_x11.hh:80
	src/Goptical/Io/renderer_x11.hh:92
	src/Goptical/Io/renderer_x11.hh:96
	src/Goptical/Io/renderer_gd.hh:91
	src/Goptical/Io/renderer_gd.hh:97
	src/Goptical/Io/renderer_gd.hh:97
	src/Goptical/Io/renderer_gd.hh:109
	src/Goptical/Data/plot.hh:99
	src/Goptical/Data/plot.hh:102
	src/Goptical/Data/plot.hh:134
	src/Goptical/Data/plot.hxx:67
	src/Goptical/Data/plot.hxx:72
	src/Goptical/Math/vector.hh:99
	src/Goptical/Math/vector.hh:101
	src/Goptical/Math/vector_pair.hh:196
	src/Goptical/Math/vector_pair.hh:196
	src/Goptical/Math/vector.hxx:251
	src/Goptical/Math/vector.hxx:261
	src/Goptical/Math/vector_pair.hxx:253
	src/Goptical/Math/vector_pair.hxx:253
	src/Goptical/Math/transform.hh:135
	src/Goptical/Material/base.hh:56
	src/Goptical/Material/base.hh:61
	src/Goptical/Material/air.hh:68
	src/Goptical/Material/air.hh:70
	src/Goptical/Material/vacuum.hh:53
	src/Goptical/Material/vacuum.hh:55
	src/Goptical/Material/proxy.hh:52
	src/Goptical/Material/proxy.hh:55
	src/Goptical/Material/dielectric.hh:136
	src/Goptical/Material/dielectric.hh:138
	src/Goptical/Material/mirror.hh:54
	src/Goptical/Material/mirror.hh:56
	src/Goptical/Material/metal.hh:54
	src/Goptical/Material/metal.hh:55
	src/Goptical/Analysis/spot.hh:90
	src/Goptical/Analysis/spot.hh:103
	src/Goptical/Analysis/focus.hh:63
	src/Goptical/Analysis/rayfan.hh:138
	src/Goptical/Analysis/PSF.hh:75
	src/Goptical/Analysis/pointimage.hh:71
	src/Goptical/Trace/ray.hh:82
	src/Goptical/Trace/ray.hh:107
	src/Goptical/Trace/params.hxx:60
	src/Goptical/Trace/result.hh:89
	src/Goptical/Trace/result.hh:91
	src/Goptical/Trace/result.hh:94
	src/Goptical/Trace/result.hh:96
	src/Goptical/Trace/result.hh:130
	src/Goptical/Trace/result.hh:135
	src/Goptical/Trace/result.hh:148
	src/Goptical/Trace/result.hh:149
	src/Goptical/Trace/params.hh:72
	src/Goptical/Trace/params.hh:85
	src/Goptical/Trace/params.hh:104
	src/Goptical/Trace/params.hh:106
	src/Goptical/Trace/ray.hxx:99
	tests/test_PSF.cc:127
	tests/test_shapes.cc:127
	tests/test_rendering.cc:86
	tests/test_rendering.cc:106
	tests/test_rendering.cc:106
	tests/test_rendering.cc:111
	tests/test_rendering.cc:116
	tests/test_patterns.cc:182
	src/io_renderer_plplot.cc:52
	src/curve_foucault.cc:45
	src/curve_foucault.cc:85
	src/curve_foucault.cc:154
	src/sys_stop.cc:47
	src/sys_stop.cc:54
	src/sys_stop.cc:64
	src/sys_stop.cc:69
	src/sys_stop.cc:74
	src/io_renderer_svg.cc:382
	src/analysis_rayfan.cc:54
	src/analysis_rayfan.cc:107
	src/analysis_rayfan.cc:262
	src/analysis_rayfan.cc:312
	src/analysis_rayfan.cc:358
	src/analysis_rayfan.cc:359
	src/analysis_rayfan.cc:362
	src/analysis_rayfan.cc:363
	src/analysis_rayfan.cc:364
	src/curve_zernike.cc:693
	src/curve_zernike.cc:784
	src/io_renderer_viewport.cc:168
	src/io_renderer_viewport.cc:175
	src/io_renderer_viewport.cc:182
	src/io_renderer_viewport.cc:224
	src/io_renderer_viewport.cc:264
	src/io_renderer_viewport.cc:566
	src/shape_ellipse.cc:67
	src/sys_optical_surface.cc:99
	src/material_air.cc:41
	src/material_air.cc:47
	src/sys_lens.cc:331
	src/shape_regular_polygon.cc:63
	src/io_import_zemax.cc:142
	src/io_import_zemax.cc:143
	src/io_import_zemax.cc:644
	src/io_renderer_x3d.cc:237
	src/io_renderer_x3d.cc:256
	src/io_renderer.cc:99
	src/io_renderer.cc:110
	src/io_renderer.cc:116
	src/io_renderer.cc:123
	src/io_renderer.cc:155
	src/io_renderer.cc:262
	src/material_vacuum.cc:38
	src/material_vacuum.cc:43
	src/shape_disk.cc:51
	src/analysis_spot.cc:51
	src/analysis_spot.cc:53
	src/analysis_spot.cc:177
	src/analysis_spot.cc:177
	src/curve_base.cc:46
	src/curve_base.cc:51
	src/curve_base.cc:77
	src/io_renderer_x11.cc:36
	src/io_renderer_x11.cc:40
	src/trace_result.cc:61
	src/trace_result.cc:62
	src/data_plot.cc:46
	src/material_dielectric.cc:46
	src/material_dielectric.cc:51
	src/shape_composer.cc:38
	src/shape_composer.cc:65
	src/shape_composer.cc:94
	src/shape_composer.cc:136
	src/curve_sphere.cc:96
	src/curve_sphere.cc:109
	src/curve_conic.cc:87
	src/curve_conic.cc:101
	src/shape_polygon.cc:39
	src/shape_polygon.cc:90
	src/shape_polygon.cc:97
	src/shape_polygon.cc:105
	src/shape_polygon.cc:115
	src/shape_polygon.cc:192
	src/shape_polygon.cc:192
	src/analysis_pointimage.cc:41
	src/io_renderer_axes.cc:42
	src/io_renderer_axes.cc:53
	src/curve_flat.cc:71
	src/curve_flat.cc:76
	src/analysis_focus.cc:42
	src/curve_parabola.cc:78
	src/curve_parabola.cc:89
	src/sys_surface.cc:103
	src/sys_surface.cc:107
	src/sys_surface.cc:285
	src/sys_surface.cc:285
	src/sys_surface.cc:287
	src/sys_surface.cc:287
	src/sys_surface.cc:294
	src/sys_surface.cc:294
	src/io_renderer_gd.cc:74
	src/io_renderer_gd.cc:86
	src/Goptical/Shape/ellipse.hh:85
	src/Goptical/Shape/base.hh:62
	src/Goptical/Shape/disk.hh:82
	src/Goptical/Sys/surface.hh:89
	src/Goptical/Curve/foucault.hxx:39
	src/Goptical/Curve/foucault.hxx:47
	src/Goptical/Curve/foucault.hxx:48
	src/Goptical/Curve/foucault.hxx:55
	src/Goptical/Curve/foucault.hxx:66
	src/Goptical/Io/renderer.hh:107
	src/Goptical/Io/renderer.hh:112
	src/Goptical/Io/renderer.hh:116
	src/Goptical/Io/renderer.hh:125
	src/Goptical/Io/renderer_svg.hh:93
	src/Goptical/Io/renderer_svg.hh:94
	src/Goptical/Io/renderer_svg.hh:95
	src/Goptical/Io/renderer_svg.hh:96
	src/Goptical/Math/vector.hxx:255
	src/Goptical/Math/vector.hxx:265
	src/Goptical/Math/transform.hxx:177
	src/Goptical/Analysis/focus.hxx:40
	src/Goptical/Analysis/focus.hxx:41
	src/Goptical/Analysis/spot.hxx:43
	src/Goptical/Analysis/spot.hxx:44
	src/Goptical/Analysis/PSF.hxx:40
	src/Goptical/Analysis/PSF.hxx:41
	src/Goptical/Trace/params.hxx:42
	src/Goptical/Trace/params.hxx:44
	src/Goptical/Trace/params.hxx:51
	src/Goptical/Trace/result.hh:130
	src/Goptical/Trace/result.hh:135
	src/Goptical/Trace/ray.hxx:76
	tests/test_PSF.cc:126
	tests/test_shapes.cc:126
	tests/test_rendering.cc:92
	tests/test_rendering.cc:111
	tests/test_rendering.cc:116
	tests/test_rendering.cc:121
	tests/test_rendering.cc:121
	tests/test_patterns.cc:80
	tests/test_patterns.cc:82
	tests/test_patterns.cc:86
	tests/test_patterns.cc:88
	tests/test_patterns.cc:152
	src/io_renderer_plplot.cc:80
	src/curve_foucault.cc:41
	src/curve_foucault.cc:73
	src/curve_foucault.cc:199
	src/sys_stop.cc:80
	src/io_renderer_svg.cc:363
	src/io_renderer_svg.cc:368
	src/io_renderer_svg.cc:369
	src/io_renderer_svg.cc:374
	src/io_renderer_svg.cc:375
	src/io_renderer_svg.cc:376
	src/io_renderer_svg.cc:377
	src/io_renderer_svg.cc:388
	src/io_renderer_svg.cc:389
	src/io_renderer_svg.cc:390
	src/analysis_rayfan.cc:95
	src/analysis_rayfan.cc:98
	src/analysis_rayfan.cc:101
	src/analysis_rayfan.cc:210
	src/analysis_rayfan.cc:240
	src/analysis_rayfan.cc:287
	src/analysis_rayfan.cc:360
	src/analysis_rayfan.cc:361
	src/analysis_rayfan.cc:372
	src/analysis_rayfan.cc:374
	src/shape_elliptical_ring.cc:79
	src/curve_zernike.cc:782
	src/io_renderer_viewport.cc:264
	src/material_mirror.cc:38
	src/material_mirror.cc:43
	src/sys_element.cc:46
	src/sys_optical_surface.cc:103
	src/shape_regular_polygon.cc:67
	src/shape_regular_polygon.cc:138
	src/shape_regular_polygon.cc:138
	src/io_import_zemax.cc:464
	src/io_import_zemax.cc:477
	src/io_import_zemax.cc:491
	src/io_import_zemax.cc:505
	src/io_renderer_x3d.cc:36
	src/io_renderer_x3d.cc:37
	src/io_renderer_x3d.cc:46
	src/io_renderer_x3d.cc:47
	src/io_renderer.cc:113
	src/io_renderer.cc:133
	src/io_renderer.cc:257
	src/io_renderer.cc:262
	src/io_renderer.cc:295
	src/analysis_spot.cc:56
	src/analysis_spot.cc:56
	src/analysis_spot.cc:95
	src/analysis_spot.cc:176
	src/analysis_spot.cc:176
	src/curve_base.cc:84
	src/material_metal.cc:43
	src/material_metal.cc:48
	src/io_renderer_x11.cc:49
	src/io_renderer_x11.cc:77
	src/shape_composer.cc:39
	src/shape_composer.cc:58
	src/shape_composer.cc:72
	src/shape_composer.cc:92
	src/curve_sphere.cc:114
	src/curve_conic.cc:105
	src/analysis_pointimage.cc:69
	src/analysis_pointimage.cc:77
	src/io_renderer_axes.cc:36
	src/io_renderer_axes.cc:37
	src/io_renderer_axes.cc:38
	src/io_renderer_axes.cc:43
	src/io_renderer_axes.cc:54
	src/curve_flat.cc:80
	src/analysis_focus.cc:115
	src/curve_parabola.cc:93
	src/sys_surface.cc:113
	src/io_renderer_gd.cc:45
	src/shape_ring.cc:59
	src/shape_infinite.cc:37
	src/Goptical/Shape/ring.hh:87
	src/Goptical/Shape/elliptical_ring.hh:96
	src/Goptical/Sys/container.hh:94
	src/Goptical/Sys/mirror.hh:73
	src/Goptical/Sys/mirror.hh:83
	src/Goptical/Sys/mirror.hh:93
	src/Goptical/Curve/foucault.hxx:40
	src/Goptical/Io/renderer_axes.hh:91
	src/Goptical/Io/renderer_axes.hh:97
	src/Goptical/Io/renderer_axes.hh:103
	src/Goptical/Io/renderer_axes.hh:110
	src/Goptical/Io/renderer_axes.hh:118
	src/Goptical/Io/renderer_axes.hh:136
	src/Goptical/Io/renderer_axes.hh:137
	src/Goptical/Io/renderer.hh:112
	src/Goptical/Io/renderer.hh:125
	src/Goptical/Io/renderer_viewport.hh:90
	src/Goptical/Io/renderer_viewport.hh:91
	src/Goptical/Io/renderer_viewport.hh:92
	src/Goptical/Math/vector.hxx:257
	src/Goptical/Math/vector.hxx:267
	src/Goptical/Math/transform.hxx:83
	src/Goptical/Math/transform.hxx:95
	src/Goptical/Math/transform.hxx:105
	src/Goptical/Math/transform.hxx:115
	src/Goptical/Math/transform.hxx:135
	src/Goptical/Math/transform.hxx:154
	src/Goptical/Math/transform.hxx:168
	src/Goptical/Math/transform.hxx:233
	src/Goptical/Math/transform.hxx:288
	src/Goptical/Analysis/spot.hh:90
	src/Goptical/Trace/params.hxx:56
	src/Goptical/Trace/result.hh:89
	src/Goptical/Trace/result.hh:94
	src/Goptical/Trace/ray.hxx:50
	src/Goptical/Trace/ray.hxx:60
autoscan: warning: missing AC_C_INLINE wanted by: 
	tests/test_discrete_set.cc:49
	src/sys_stop.cc:83
	src/sys_stop.cc:113
	src/curve_zernike.cc:44
	src/io_import_zemax.cc:139
	src/shape_round_.hxx:167
	src/data_sample_set.cc:57
	src/data_sample_set.cc:69
	src/shape_rectangle.cc:139
	src/curve_conic.cc:43
	src/shape_polygon.cc:47
	src/curve_array.cc:52
	src/data_interpolate_1d_.hxx:115
	src/data_interpolate_1d_.hxx:126
	src/data_interpolate_1d_.hxx:137
	src/data_interpolate_1d_.hxx:164
	src/data_interpolate_1d_.hxx:192
	src/data_interpolate_1d_.hxx:219
	src/sys_surface.cc:157
	src/data_discrete_set.cc:48
	src/data_discrete_set.cc:66
	src/Goptical/common.hh:67
	src/Goptical/common.hh:72
	src/Goptical/common.hh:77
	src/Goptical/common.hh:85
	src/Goptical/common.hh:93
	src/Goptical/common.hh:106
	src/Goptical/common.hh:114
	src/Goptical/common.hh:122
	src/Goptical/common.hh:441
	src/Goptical/common.hh:447
	src/Goptical/common.hh:453
	src/Goptical/common.hh:458
	src/Goptical/common.hh:463
	src/Goptical/Shape/composer.hh:98
	src/Goptical/Shape/composer.hh:116
	src/Goptical/Shape/composer.hh:118
	src/Goptical/Shape/composer.hh:120
	src/Goptical/Shape/ring.hh:49
	src/Goptical/Shape/ring.hh:52
	src/Goptical/Shape/ring.hh:54
	src/Goptical/Shape/ring.hh:57
	src/Goptical/Shape/ring.hh:59
	src/Goptical/Shape/ring.hh:71
	src/Goptical/Shape/ring.hh:72
	src/Goptical/Shape/ring.hh:73
	src/Goptical/Shape/ring.hh:91
	src/Goptical/Shape/ellipse.hh:53
	src/Goptical/Shape/ellipse.hh:55
	src/Goptical/Shape/ellipse.hh:58
	src/Goptical/Shape/ellipse.hh:60
	src/Goptical/Shape/ellipse.hh:70
	src/Goptical/Shape/ellipse.hh:71
	src/Goptical/Shape/ellipse.hh:72
	src/Goptical/Shape/elliptical_ring.hh:55
	src/Goptical/Shape/elliptical_ring.hh:57
	src/Goptical/Shape/elliptical_ring.hh:60
	src/Goptical/Shape/elliptical_ring.hh:62
	src/Goptical/Shape/elliptical_ring.hh:65
	src/Goptical/Shape/elliptical_ring.hh:67
	src/Goptical/Shape/elliptical_ring.hh:79
	src/Goptical/Shape/elliptical_ring.hh:80
	src/Goptical/Shape/elliptical_ring.hh:81
	src/Goptical/Shape/base.hh:52
	src/Goptical/Shape/regular_polygon.hh:54
	src/Goptical/Shape/regular_polygon.hh:56
	src/Goptical/Shape/regular_polygon.hh:72
	src/Goptical/Shape/polygon.hh:62
	src/Goptical/Shape/polygon.hh:63
	src/Goptical/Shape/polygon.hh:78
	src/Goptical/Shape/disk.hh:49
	src/Goptical/Shape/disk.hh:51
	src/Goptical/Shape/disk.hh:56
	src/Goptical/Shape/disk.hh:58
	src/Goptical/Shape/disk.hh:66
	src/Goptical/Shape/disk.hh:67
	src/Goptical/Shape/disk.hh:68
	src/Goptical/Shape/disk.hh:86
	src/Goptical/Shape/rectangle.hh:49
	src/Goptical/Shape/rectangle.hh:51
	src/Goptical/Shape/rectangle.hh:54
	src/Goptical/Shape/rectangle.hh:56
	src/Goptical/Shape/infinite.hh:55
	src/Goptical/Shape/infinite.hh:58
	src/Goptical/Shape/infinite.hh:60
	src/Goptical/Sys/surface.hxx:64
	src/Goptical/Sys/container.hh:66
	src/Goptical/Sys/container.hh:71
	src/Goptical/Sys/container.hh:76
	src/Goptical/Sys/container.hh:80
	src/Goptical/Sys/container.hh:83
	src/Goptical/Sys/container.hh:86
	src/Goptical/Sys/element.hxx:93
	src/Goptical/Sys/lens.hh:151
	src/Goptical/Sys/lens.hh:153
	src/Goptical/Sys/lens.hh:156
	src/Goptical/Sys/lens.hh:158
	src/Goptical/Sys/lens.hh:161
	src/Goptical/Sys/lens.hh:163
	src/Goptical/Sys/lens.hh:171
	src/Goptical/Sys/lens.hh:173
	src/Goptical/Sys/element.hh:74
	src/Goptical/Sys/element.hh:76
	src/Goptical/Sys/element.hh:116
	src/Goptical/Sys/element.hh:119
	src/Goptical/Sys/element.hh:144
	src/Goptical/Sys/element.hh:147
	src/Goptical/Sys/element.hh:150
	src/Goptical/Sys/element.hh:160
	src/Goptical/Sys/element.hh:166
	src/Goptical/Sys/element.hh:169
	src/Goptical/Sys/element.hh:174
	src/Goptical/Sys/element.hh:236
	src/Goptical/Sys/container.hxx:52
	src/Goptical/Sys/container.hxx:69
	src/Goptical/Sys/container.hxx:86
	src/Goptical/Sys/source_point.hh:69
	src/Goptical/Sys/source_point.hh:79
	src/Goptical/Sys/source.hh:59
	src/Goptical/Sys/source.hh:62
	src/Goptical/Sys/source.hh:65
	src/Goptical/Sys/source.hh:69
	src/Goptical/Sys/source.hh:72
	src/Goptical/Sys/source.hh:75
	src/Goptical/Sys/source.hh:78
	src/Goptical/Sys/source.hh:82
	src/Goptical/Sys/system.hh:63
	src/Goptical/Sys/system.hh:65
	src/Goptical/Sys/system.hh:69
	src/Goptical/Sys/system.hh:72
	src/Goptical/Sys/system.hh:74
	src/Goptical/Sys/system.hh:76
	src/Goptical/Sys/system.hh:79
	src/Goptical/Sys/system.hh:81
	src/Goptical/Sys/system.hh:84
	src/Goptical/Sys/system.hh:87
	src/Goptical/Sys/system.hh:90
	src/Goptical/Sys/system.hh:94
	src/Goptical/Sys/system.hh:97
	src/Goptical/Sys/system.hh:100
	src/Goptical/Sys/system.hh:103
	src/Goptical/Sys/system.hh:114
	src/Goptical/Sys/system.hh:117
	src/Goptical/Sys/system.hh:135
	src/Goptical/Sys/stop.hh:80
	src/Goptical/Sys/surface.hh:70
	src/Goptical/Sys/surface.hh:72
	src/Goptical/Sys/surface.hh:75
	src/Goptical/Sys/surface.hh:77
	src/Goptical/Sys/surface.hh:101
	src/Goptical/Sys/surface.hh:103
	src/Goptical/Sys/surface.hh:137
	src/Goptical/Sys/group.hh:54
	src/Goptical/Sys/optical_surface.hh:94
	src/Goptical/Light/ray.hh:51
	src/Goptical/Light/ray.hh:54
	src/Goptical/Light/ray.hh:57
	src/Goptical/Light/ray.hh:59
	src/Goptical/Light/ray.hh:62
	src/Goptical/Light/ray.hh:64
	src/Goptical/Light/spectral_line.hh:54
	src/Goptical/Light/spectral_line.hh:56
	src/Goptical/Light/spectral_line.hh:58
	src/Goptical/Curve/composer.hh:67
	src/Goptical/Curve/composer.hh:69
	src/Goptical/Curve/composer.hh:71
	src/Goptical/Curve/composer.hh:73
	src/Goptical/Curve/composer.hh:75
	src/Goptical/Curve/spline.hh:60
	src/Goptical/Curve/spline.hh:63
	src/Goptical/Curve/spline.hh:72
	src/Goptical/Curve/spline.hh:73
	src/Goptical/Curve/zernike.hh:82
	src/Goptical/Curve/zernike.hh:84
	src/Goptical/Curve/zernike.hh:89
	src/Goptical/Curve/zernike.hh:92
	src/Goptical/Curve/zernike.hh:95
	src/Goptical/Curve/zernike.hh:102
	src/Goptical/Curve/conic_base.hh:56
	src/Goptical/Curve/conic_base.hh:59
	src/Goptical/Curve/conic_base.hh:76
	src/Goptical/Curve/base.hh:56
	src/Goptical/Curve/grid.hh:63
	src/Goptical/Curve/grid.hh:66
	src/Goptical/Curve/foucault.hh:82
	src/Goptical/Curve/foucault.hh:85
	src/Goptical/Curve/foucault.hh:110
	src/Goptical/Curve/foucault.hh:113
	src/Goptical/Curve/foucault.hh:118
	src/Goptical/Curve/foucault.hh:132
	src/Goptical/Curve/foucault.hh:137
	src/Goptical/Curve/foucault.hh:140
	src/Goptical/Curve/rotational.hh:65
	src/Goptical/Curve/conic.hh:63
	src/Goptical/Curve/conic.hh:66
	src/Goptical/Curve/curve_roc.hh:44
	src/Goptical/Curve/curve_roc.hh:47
	src/Goptical/Curve/curve_roc.hh:50
	src/Goptical/Io/renderer_plplot.hh:64
	src/Goptical/Io/rgb.hh:43
	src/Goptical/Io/rgb.hh:44
	src/Goptical/Io/rgb.hh:45
	src/Goptical/Io/rgb.hh:46
	src/Goptical/Io/renderer_axes.hh:81
	src/Goptical/Io/renderer_axes.hh:87
	src/Goptical/Io/renderer_axes.hh:94
	src/Goptical/Io/renderer_axes.hh:100
	src/Goptical/Io/renderer_axes.hh:106
	src/Goptical/Io/renderer_axes.hh:113
	src/Goptical/Io/renderer_axes.hh:121
	src/Goptical/Io/renderer_axes.hh:140
	src/Goptical/Io/renderer_2d.hh:60
	src/Goptical/Io/renderer_2d.hh:63
	src/Goptical/Io/renderer_opengl.hh:60
	src/Goptical/Io/renderer_opengl.hh:61
	src/Goptical/Io/renderer_opengl.hh:62
	src/Goptical/Io/renderer_opengl.hh:63
	src/Goptical/Io/renderer_dxf.hh:72
	src/Goptical/Io/renderer_dxf.hh:107
	src/Goptical/Io/renderer_dxf.hh:108
	src/Goptical/Io/renderer.hh:58
	src/Goptical/Io/renderer.hh:64
	src/Goptical/Io/renderer.hh:67
	src/Goptical/Io/renderer.hh:70
	src/Goptical/Io/renderer.hh:73
	src/Goptical/Io/renderer.hh:76
	src/Goptical/Io/renderer.hh:80
	src/Goptical/Io/renderer.hh:105
	src/Goptical/Io/renderer.hh:123
	src/Goptical/Io/renderer_svg.hh:102
	src/Goptical/Io/renderer_svg.hh:103
	src/Goptical/Io/import_zemax.hh:61
	src/Goptical/Io/renderer_viewport.hh:59
	src/Goptical/Io/renderer_viewport.hh:67
	src/Goptical/Io/renderer_viewport.hh:75
	src/Goptical/Io/renderer_viewport.hh:83
	src/Goptical/Io/renderer_viewport.hh:95
	src/Goptical/Io/renderer_viewport.hh:158
	src/Goptical/Io/renderer_viewport.hh:160
	src/Goptical/Io/renderer_viewport.hh:163
	src/Goptical/Io/renderer_viewport.hh:165
	src/Goptical/Io/renderer_x11.hh:86
	src/Goptical/Io/renderer_x11.hh:87
	src/Goptical/Io/renderer_gd.hh:99
	src/Goptical/Io/renderer_gd.hh:100
	src/Goptical/Io/renderer_gd.hh:104
	src/Goptical/Io/renderer_gd.hh:105
	src/Goptical/Io/renderer_gd.hh:106
	src/Goptical/Io/renderer_gd.hh:107
	src/Goptical/Data/grid.hh:70
	src/Goptical/Data/grid.hh:72
	src/Goptical/Data/grid.hh:74
	src/Goptical/Data/grid.hh:77
	src/Goptical/Data/grid.hh:87
	src/Goptical/Data/grid.hh:90
	src/Goptical/Data/grid.hh:92
	src/Goptical/Data/grid.hh:95
	src/Goptical/Data/grid.hh:98
	src/Goptical/Data/grid.hh:103
	src/Goptical/Data/grid.hh:107
	src/Goptical/Data/grid.hh:112
	src/Goptical/Data/grid.hh:116
	src/Goptical/Data/grid.hh:120
	src/Goptical/Data/grid.hh:124
	src/Goptical/Data/grid.hh:127
	src/Goptical/Data/grid.hh:128
	src/Goptical/Data/grid.hh:163
	src/Goptical/Data/set.hh:96
	src/Goptical/Data/set.hh:100
	src/Goptical/Data/plotdata.hh:55
	src/Goptical/Data/plotdata.hh:58
	src/Goptical/Data/plotdata.hh:61
	src/Goptical/Data/plotdata.hh:63
	src/Goptical/Data/plotdata.hh:66
	src/Goptical/Data/plotdata.hh:68
	src/Goptical/Data/plotdata.hh:71
	src/Goptical/Data/plotdata.hh:73
	src/Goptical/Data/plotdata.hh:75
	src/Goptical/Data/plotdata.hh:77
	src/Goptical/Data/sample_set.hh:65
	src/Goptical/Data/sample_set.hh:68
	src/Goptical/Data/sample_set.hh:71
	src/Goptical/Data/sample_set.hh:74
	src/Goptical/Data/sample_set.hh:76
	src/Goptical/Data/sample_set.hh:79
	src/Goptical/Data/sample_set.hh:80
	src/Goptical/Data/sample_set.hh:81
	src/Goptical/Data/sample_set.hh:82
	src/Goptical/Data/sample_set.hh:99
	src/Goptical/Data/sample_set.hh:100
	src/Goptical/Data/set1d.hh:46
	src/Goptical/Data/set1d.hh:70
	src/Goptical/Data/set1d.hh:71
	src/Goptical/Data/set1d.hh:72
	src/Goptical/Data/set1d.hh:73
	src/Goptical/Data/set1d.hh:74
	src/Goptical/Data/set1d.hh:75
	src/Goptical/Data/set1d.hh:76
	src/Goptical/Data/set1d.hh:79
	src/Goptical/Data/data_interpolate_1d.hh:56
	src/Goptical/Data/data_interpolate_1d.hh:57
	src/Goptical/Data/plot.hh:75
	src/Goptical/Data/plot.hh:78
	src/Goptical/Data/plot.hh:81
	src/Goptical/Data/plot.hh:87
	src/Goptical/Data/plot.hh:99
	src/Goptical/Data/plot.hh:102
	src/Goptical/Data/plot.hh:108
	src/Goptical/Data/plot.hh:111
	src/Goptical/Data/discrete_set.hh:60
	src/Goptical/Data/discrete_set.hh:66
	src/Goptical/Data/discrete_set.hh:68
	src/Goptical/Data/discrete_set.hh:71
	src/Goptical/Data/discrete_set.hh:72
	src/Goptical/Data/discrete_set.hh:73
	src/Goptical/Data/discrete_set.hh:74
	src/Goptical/Data/discrete_set.hh:91
	src/Goptical/Data/discrete_set.hh:92
	src/Goptical/Math/quaternion.hh:51
	src/Goptical/Math/quaternion.hh:54
	src/Goptical/Math/quaternion.hh:57
	src/Goptical/Math/quaternion.hh:60
	src/Goptical/Math/quaternion.hh:63
	src/Goptical/Math/quaternion.hh:66
	src/Goptical/Math/quaternion.hh:68
	src/Goptical/Math/quaternion.hh:70
	src/Goptical/Math/quaternion.hh:72
	src/Goptical/Math/quaternion.hh:74
	src/Goptical/Math/quaternion.hh:76
	src/Goptical/Math/quaternion.hh:78
	src/Goptical/Math/quaternion.hh:80
	src/Goptical/Math/quaternion.hh:83
	src/Goptical/Math/quaternion.hh:86
	src/Goptical/Math/quaternion.hh:88
	src/Goptical/Math/quaternion.hh:94
	src/Goptical/Math/triangle.hh:49
	src/Goptical/Math/triangle.hh:52
	src/Goptical/Math/triangle.hh:54
	src/Goptical/Math/triangle.hh:56
	src/Goptical/Math/triangle.hh:58
	src/Goptical/Math/triangle.hh:76
	src/Goptical/Math/triangle.hh:79
	src/Goptical/Math/triangle.hh:93
	src/Goptical/Math/triangle.hh:96
	src/Goptical/Math/triangle.hh:99
	src/Goptical/Math/triangle.hh:103
	src/Goptical/Math/vector.hh:50
	src/Goptical/Math/vector.hh:52
	src/Goptical/Math/vector.hh:54
	src/Goptical/Math/vector.hh:56
	src/Goptical/Math/vector.hh:58
	src/Goptical/Math/vector.hh:60
	src/Goptical/Math/vector.hh:62
	src/Goptical/Math/vector.hh:64
	src/Goptical/Math/vector.hh:66
	src/Goptical/Math/vector.hh:68
	src/Goptical/Math/vector.hh:70
	src/Goptical/Math/vector.hh:72
	src/Goptical/Math/vector.hh:74
	src/Goptical/Math/vector.hh:76
	src/Goptical/Math/vector.hh:78
	src/Goptical/Math/vector.hh:80
	src/Goptical/Math/vector.hh:82
	src/Goptical/Math/vector.hh:84
	src/Goptical/Math/vector.hh:86
	src/Goptical/Math/vector.hh:88
	src/Goptical/Math/vector.hh:94
	src/Goptical/Math/vector.hh:97
	src/Goptical/Math/vector.hh:99
	src/Goptical/Math/vector.hh:101
	src/Goptical/Math/vector.hh:116
	src/Goptical/Math/vector.hh:117
	src/Goptical/Math/vector.hh:119
	src/Goptical/Math/vector.hh:137
	src/Goptical/Math/vector.hh:139
	src/Goptical/Math/vector.hh:142
	src/Goptical/Math/vector.hh:145
	src/Goptical/Math/vector.hh:148
	src/Goptical/Math/vector.hh:152
	src/Goptical/Math/vector.hh:154
	src/Goptical/Math/vector.hh:157
	src/Goptical/Math/vector.hh:159
	src/Goptical/Math/vector.hh:161
	src/Goptical/Math/vector.hh:163
	src/Goptical/Math/vector.hh:181
	src/Goptical/Math/vector.hh:184
	src/Goptical/Math/vector.hh:188
	src/Goptical/Math/vector.hh:191
	src/Goptical/Math/vector.hh:193
	src/Goptical/Math/vector.hh:195
	src/Goptical/Math/vector.hh:197
	src/Goptical/Math/vector.hh:199
	src/Goptical/Math/vector.hh:202
	src/Goptical/Math/vector.hh:204
	src/Goptical/Math/vector.hh:206
	src/Goptical/Math/vector.hh:209
	src/Goptical/Math/vector.hh:211
	src/Goptical/Math/vector.hh:213
	src/Goptical/Math/vector_pair.hh:50
	src/Goptical/Math/vector_pair.hh:52
	src/Goptical/Math/vector_pair.hh:55
	src/Goptical/Math/vector_pair.hh:57
	src/Goptical/Math/vector_pair.hh:59
	src/Goptical/Math/vector_pair.hh:60
	src/Goptical/Math/vector_pair.hh:63
	src/Goptical/Math/vector_pair.hh:65
	src/Goptical/Math/vector_pair.hh:68
	src/Goptical/Math/vector_pair.hh:70
	src/Goptical/Math/vector_pair.hh:73
	src/Goptical/Math/vector_pair.hh:75
	src/Goptical/Math/vector_pair.hh:84
	src/Goptical/Math/vector_pair.hh:93
	src/Goptical/Math/vector_pair.hh:102
	src/Goptical/Math/vector_pair.hh:111
	src/Goptical/Math/vector_pair.hh:126
	src/Goptical/Math/vector_pair.hh:128
	src/Goptical/Math/vector_pair.hh:130
	src/Goptical/Math/vector_pair.hh:143
	src/Goptical/Math/vector_pair.hh:145
	src/Goptical/Math/vector_pair.hh:147
	src/Goptical/Math/vector_pair.hh:149
	src/Goptical/Math/vector_pair.hh:152
	src/Goptical/Math/vector_pair.hh:153
	src/Goptical/Math/vector_pair.hh:154
	src/Goptical/Math/vector_pair.hh:155
	src/Goptical/Math/vector_pair.hh:156
	src/Goptical/Math/vector_pair.hh:157
	src/Goptical/Math/vector_pair.hh:158
	src/Goptical/Math/vector_pair.hh:159
	src/Goptical/Math/vector_pair.hh:164
	src/Goptical/Math/vector_pair.hh:174
	src/Goptical/Math/vector_pair.hh:184
	src/Goptical/Math/vector_pair.hh:197
	src/Goptical/Math/vector_pair.hh:210
	src/Goptical/Math/vector_pair.hh:212
	src/Goptical/Math/vector_pair.hh:214
	src/Goptical/Math/vector_pair.hh:216
	src/Goptical/Math/vector_pair.hh:220
	src/Goptical/Math/vector_pair.hh:221
	src/Goptical/Math/vector_pair.hh:222
	src/Goptical/Math/vector_pair.hh:223
	src/Goptical/Math/vector_pair.hh:224
	src/Goptical/Math/vector_pair.hh:225
	src/Goptical/Math/vector_pair.hh:226
	src/Goptical/Math/vector_pair.hh:227
	src/Goptical/Math/vector_pair.hh:228
	src/Goptical/Math/vector_pair.hh:229
	src/Goptical/Math/vector_pair.hh:230
	src/Goptical/Math/vector_pair.hh:231
	src/Goptical/Math/vector_pair.hh:241
	src/Goptical/Math/vector_pair.hh:251
	src/Goptical/Math/vector_pair.hh:261
	src/Goptical/Math/vector_pair.hh:271
	src/Goptical/Math/vector_pair.hh:276
	src/Goptical/Math/vector.hxx:251
	src/Goptical/Math/matrix.hh:45
	src/Goptical/Math/matrix.hh:47
	src/Goptical/Math/matrix.hh:50
	src/Goptical/Math/matrix.hh:52
	src/Goptical/Math/matrix.hh:54
	src/Goptical/Math/matrix.hh:56
	src/Goptical/Math/matrix.hh:58
	src/Goptical/Math/matrix.hh:60
	src/Goptical/Math/matrix.hh:62
	src/Goptical/Math/matrix.hh:64
	src/Goptical/Math/matrix.hh:67
	src/Goptical/Math/matrix.hh:69
	src/Goptical/Math/matrix.hh:71
	src/Goptical/Math/matrix.hh:73
	src/Goptical/Math/matrix.hh:75
	src/Goptical/Math/matrix.hh:78
	src/Goptical/Math/matrix.hh:81
	src/Goptical/Math/matrix.hh:91
	src/Goptical/Math/matrix.hh:93
	src/Goptical/Math/matrix.hh:95
	src/Goptical/Math/transform.hh:45
	src/Goptical/Math/transform.hh:62
	src/Goptical/Math/transform.hh:63
	src/Goptical/Math/transform.hh:66
	src/Goptical/Math/transform.hh:68
	src/Goptical/Math/transform.hh:71
	src/Goptical/Math/transform.hh:73
	src/Goptical/Math/transform.hh:76
	src/Goptical/Math/transform.hh:79
	src/Goptical/Math/transform.hh:82
	src/Goptical/Math/transform.hh:85
	src/Goptical/Math/transform.hh:88
	src/Goptical/Math/transform.hh:91
	src/Goptical/Math/transform.hh:94
	src/Goptical/Math/transform.hh:97
	src/Goptical/Math/transform.hh:100
	src/Goptical/Math/transform.hh:103
	src/Goptical/Math/transform.hh:106
	src/Goptical/Math/transform.hh:108
	src/Goptical/Math/transform.hh:110
	src/Goptical/Math/transform.hh:114
	src/Goptical/Math/transform.hh:117
	src/Goptical/Math/transform.hh:120
	src/Goptical/Math/transform.hh:122
	src/Goptical/Math/transform.hh:124
	src/Goptical/Math/transform.hh:127
	src/Goptical/Math/transform.hh:129
	src/Goptical/Math/transform.hh:154
	src/Goptical/Math/transform.hh:155
	src/Goptical/Math/transform.hh:179
	src/Goptical/Math/transform.hh:180
	src/Goptical/Math/transform.hh:183
	src/Goptical/Math/transform.hh:188
	src/Goptical/Math/transform.hh:191
	src/Goptical/Math/transform.hh:194
	src/Goptical/Math/transform.hh:197
	src/Goptical/Math/transform.hh:200
	src/Goptical/Math/transform.hh:203
	src/Goptical/Material/sellmeier.hh:71
	src/Goptical/Material/sellmeier.hh:74
	src/Goptical/Material/base.hh:69
	src/Goptical/Material/base.hh:75
	src/Goptical/Material/herzberger.hh:64
	src/Goptical/Material/schott.hh:71
	src/Goptical/Material/catalog.hh:53
	src/Goptical/Material/catalog.hh:55
	src/Goptical/Material/catalog.hh:58
	src/Goptical/Material/catalog.hxx:35
	src/Goptical/Material/catalog.hxx:40
	src/Goptical/Material/catalog.hxx:45
	src/Goptical/Material/proxy.hh:48
	src/Goptical/Material/proxy.hh:49
	src/Goptical/Material/conrady.hh:64
	src/Goptical/Material/solid.hh:48
	src/Goptical/Material/dielectric.hh:90
	src/Goptical/Material/dielectric.hh:99
	src/Goptical/Material/dielectric.hh:116
	src/Goptical/Material/dielectric.hh:120
	src/Goptical/Material/dielectric.hh:123
	src/Goptical/Material/dielectric.hh:126
	src/Goptical/Material/dielectric.hh:129
	src/Goptical/Material/sellmeiermod.hh:73
	src/Goptical/Material/mil.hh:56
	src/Goptical/Material/dispersion_table.hh:58
	src/Goptical/Material/dispersion_table.hh:61
	src/Goptical/Material/dispersion_table.hh:64
	src/Goptical/Material/metal.hh:62
	src/Goptical/Material/metal.hh:64
	src/Goptical/Analysis/spot.hh:59
	src/Goptical/Analysis/spot.hh:62
	src/Goptical/Analysis/spot.hh:65
	src/Goptical/Analysis/spot.hh:68
	src/Goptical/Analysis/spot.hh:71
	src/Goptical/Analysis/spot.hh:84
	src/Goptical/Analysis/spot.hh:95
	src/Goptical/Analysis/focus.hh:55
	src/Goptical/Analysis/focus.hh:58
	src/Goptical/Analysis/rayfan.hh:91
	src/Goptical/Analysis/rayfan.hh:96
	src/Goptical/Analysis/rayfan.hh:100
	src/Goptical/Analysis/rayfan.hh:105
	src/Goptical/Analysis/rayfan.hh:111
	src/Goptical/Analysis/PSF.hh:60
	src/Goptical/Analysis/pointimage.hh:53
	src/Goptical/Analysis/pointimage.hh:57
	src/Goptical/Analysis/pointimage.hh:60
	src/Goptical/Trace/tracer.hh:64
	src/Goptical/Trace/tracer.hh:67
	src/Goptical/Trace/tracer.hh:69
	src/Goptical/Trace/tracer.hh:71
	src/Goptical/Trace/tracer.hh:74
	src/Goptical/Trace/tracer.hh:78
	src/Goptical/Trace/tracer.hh:81
	src/Goptical/Trace/ray.hh:51
	src/Goptical/Trace/ray.hh:54
	src/Goptical/Trace/ray.hh:65
	src/Goptical/Trace/ray.hh:68
	src/Goptical/Trace/ray.hh:70
	src/Goptical/Trace/ray.hh:72
	src/Goptical/Trace/ray.hh:75
	src/Goptical/Trace/ray.hh:77
	src/Goptical/Trace/ray.hh:79
	src/Goptical/Trace/ray.hh:82
	src/Goptical/Trace/ray.hh:85
	src/Goptical/Trace/ray.hh:87
	src/Goptical/Trace/ray.hh:90
	src/Goptical/Trace/ray.hh:92
	src/Goptical/Trace/sequence.hh:71
	src/Goptical/Trace/sequence.hh:74
	src/Goptical/Trace/sequence.hh:77
	src/Goptical/Trace/sequence.hh:80
	src/Goptical/Trace/sequence.hh:83
	src/Goptical/Trace/result.hh:71
	src/Goptical/Trace/result.hh:73
	src/Goptical/Trace/result.hh:76
	src/Goptical/Trace/result.hh:105
	src/Goptical/Trace/result.hh:108
	src/Goptical/Trace/result.hh:111
	src/Goptical/Trace/result.hh:114
	src/Goptical/Trace/result.hh:116
	src/Goptical/Trace/result.hh:119
	src/Goptical/Trace/result.hh:122
	src/Goptical/Trace/result.hh:125
	src/Goptical/Trace/result.hh:152
	src/Goptical/Trace/result.hh:153
	src/Goptical/Trace/params.hh:58
	src/Goptical/Trace/params.hh:79
	src/Goptical/Trace/params.hh:82
	src/Goptical/Trace/params.hh:85
	src/Goptical/Trace/params.hh:88
	src/Goptical/Trace/params.hh:91
	src/Goptical/Trace/params.hh:94
	src/Goptical/Trace/distribution.hh:60
	src/Goptical/Trace/distribution.hh:65
	src/Goptical/Trace/distribution.hh:68
	src/Goptical/Trace/distribution.hh:71
	src/Goptical/Trace/distribution.hh:74
	src/Goptical/Trace/distribution.hh:79
	src/Goptical/Trace/distribution.hh:82
	src/Goptical/Trace/distribution.hh:87
autoscan: warning: missing AC_FUNC_STRTOD wanted by: 
	src/io_import_oslo.cc:76
	src/io_import_oslo.cc:113
	src/io_import_oslo.cc:140
	src/io_import_oslo.cc:141
	src/io_import_oslo.cc:156
	src/io_import_oslo.cc:157
autoscan: warning: missing AC_PATH_X wanted by: 
	src/Goptical/Io/renderer_x11.hh:28
autoscan: warning: missing AC_PROG_RANLIB wanted by: 
	build-aux/ltmain.sh:3772
autoscan: warning: missing AC_TYPE_SIZE_T wanted by: 
	tests/test_patterns.cc:53
	src/io_import_zemax.cc:75
	src/shape_polygon.cc:49
	src/Goptical/Sys/source_obj_na.hh:106
	src/Goptical/Sys/source_rays.hh:106
	src/Goptical/Io/rgb.hh:65
	src/Goptical/Data/discrete_set.hxx:38
	src/Goptical/Data/discrete_set.hh:60
